BalanceViolation 0.000000
AffinityLoss 0.000000
Compactness 7505.269902
District 1
Nodes: 6 8 10 14 18 21 29 46 48 70 78 80 82 83 117
Compactness: 978.574911
Weights: 6451.000000 20782.000000 20739.000000
Center Node: 70

District 2
Nodes: 0 5 12 51 54 64 66 67 73 91 92 99 104 109 119
Compactness: 731.845495
Weights: 6390.000000 20523.000000 20361.000000
Center Node: 64

District 3
Nodes: 15 28 30 44 45 53 59 63 71 86 90 96 97 100 113
Compactness: 968.370396
Weights: 6436.000000 20618.000000 21171.000000
Center Node: 86

District 4
Nodes: 2 3 17 19 25 26 32 35 41 42 75 81 89 94 107
Compactness: 784.964878
Weights: 6353.000000 20480.000000 20931.000000
Center Node: 42

District 5
Nodes: 11 13 16 22 36 47 50 52 60 72 79 85 95 110 116
Compactness: 1132.782863
Weights: 6425.000000 20683.000000 21209.000000
Center Node: 50

District 6
Nodes: 1 23 24 27 31 33 34 43 57 76 77 93 106 108 115
Compactness: 1029.630349
Weights: 6334.000000 20245.000000 20014.000000
Center Node: 23

District 7
Nodes: 7 9 20 38 58 68 69 87 88 98 101 103 105 112 118
Compactness: 765.898297
Weights: 6438.000000 21323.000000 20831.000000
Center Node: 112

District 8
Nodes: 4 37 39 40 49 55 56 61 62 65 74 84 102 111 114
Compactness: 1113.202713
Weights: 6278.000000 20581.000000 20594.000000
Center Node: 84
