BalanceViolation 0.000000
AffinityLoss 0.000000
Compactness 6599.619463
District 1
Nodes: 1 3 23 27 31 33 34 39 41 57 67 74 82 92
Compactness: 881.411530
Weights: 7233.000000 22951.000000 23195.000000
Center Node: 3

District 2
Nodes: 6 32 43 45 59 61 73 78 84 89 90 94 97 99
Compactness: 647.878560
Weights: 7176.000000 23233.000000 23061.000000
Center Node: 89

District 3
Nodes: 0 7 12 24 36 49 52 63 64 68 80 81 91 96
Compactness: 806.194256
Weights: 7223.000000 23168.000000 23640.000000
Center Node: 49

District 4
Nodes: 4 5 11 18 28 30 37 38 46 56 66 69 75 77 85
Compactness: 1208.152271
Weights: 7602.000000 24354.000000 24215.000000
Center Node: 5

District 5
Nodes: 10 13 17 20 22 26 42 44 48 60 65 70 76 87 93
Compactness: 954.492446
Weights: 7550.000000 24021.000000 24341.000000
Center Node: 20

District 6
Nodes: 9 14 16 19 29 35 47 50 53 54 71 79 88 95
Compactness: 987.255318
Weights: 7233.000000 23360.000000 23056.000000
Center Node: 35

District 7
Nodes: 2 8 15 21 25 40 51 55 58 62 72 83 86 98
Compactness: 1114.235083
Weights: 7085.000000 23271.000000 22945.000000
Center Node: 55
