BalanceViolation 0.000000
AffinityLoss 0.000000
Compactness 7839.695014
District 1
Nodes: 14 22 33 34 38 40 43 44 51 63 68 92 95 116 118
Compactness: 1171.359411
Weights: 6390.000000 20881.000000 20587.000000
Center Node: 33

District 2
Nodes: 24 30 48 70 71 73 82 85 87 94 102 106 107 108 115
Compactness: 866.382322
Weights: 6350.000000 20902.000000 20809.000000
Center Node: 82

District 3
Nodes: 0 1 2 17 37 41 45 52 54 57 64 86 103 105 109
Compactness: 1329.180577
Weights: 6255.000000 20537.000000 21179.000000
Center Node: 45

District 4
Nodes: 6 7 12 15 19 20 26 27 46 69 74 91 96 99 114
Compactness: 855.381777
Weights: 6424.000000 20960.000000 20584.000000
Center Node: 15

District 5
Nodes: 5 9 10 21 42 47 53 60 61 75 79 81 93 100 101
Compactness: 959.784993
Weights: 6381.000000 20399.000000 20435.000000
Center Node: 100

District 6
Nodes: 4 13 23 29 31 39 50 55 62 78 83 97 111 113 117
Compactness: 978.969471
Weights: 6383.000000 20720.000000 20921.000000
Center Node: 31

District 7
Nodes: 18 25 28 35 49 56 59 65 66 67 84 88 89 104 119
Compactness: 845.920318
Weights: 6410.000000 20529.000000 20598.000000
Center Node: 18

District 8
Nodes: 3 8 11 16 32 36 58 72 76 77 80 90 98 110 112
Compactness: 832.716144
Weights: 6354.000000 20970.000000 20838.000000
Center Node: 72
