BalanceViolation 0.000000
AffinityLoss 0.000000
Compactness 7721.379038
District 1
Nodes: 2 4 12 20 39 43 54 58 61 75 82 88 106 108 116
Compactness: 687.050991
Weights: 6470.000000 21093.000000 21388.000000
Center Node: 106

District 2
Nodes: 5 10 13 26 28 38 67 70 73 76 80 85 96 99 117
Compactness: 1024.542378
Weights: 6360.000000 20980.000000 20704.000000
Center Node: 67

District 3
Nodes: 9 14 17 19 24 25 33 36 37 42 60 79 101 112 114
Compactness: 918.840780
Weights: 6334.000000 20763.000000 20733.000000
Center Node: 42

District 4
Nodes: 18 29 30 49 57 66 68 71 84 87 95 98 102 110 111
Compactness: 925.308394
Weights: 6323.000000 20582.000000 20354.000000
Center Node: 29

District 5
Nodes: 0 1 3 7 22 27 44 50 56 65 74 89 91 115 118
Compactness: 1192.786931
Weights: 6268.000000 20433.000000 20336.000000
Center Node: 3

District 6
Nodes: 11 16 21 45 47 51 62 72 77 92 93 100 103 107 113
Compactness: 1040.344351
Weights: 6322.000000 20392.000000 20505.000000
Center Node: 21

District 7
Nodes: 6 8 31 32 41 46 48 64 69 78 90 94 104 109 119
Compactness: 941.610063
Weights: 6333.000000 20728.000000 20776.000000
Center Node: 8

District 8
Nodes: 15 23 34 35 40 52 53 55 59 63 81 83 86 97 105
Compactness: 990.895150
Weights: 6469.000000 20968.000000 21045.000000
Center Node: 81
