BalanceViolation 0.000000
AffinityLoss 0.000000
Compactness 7292.963852
District 1
Nodes: 9 20 23 26 33 34 35 49 63 76 82 88 94 96
Compactness: 1022.393990
Weights: 7142.000000 23495.000000 23335.000000
Center Node: 88

District 2
Nodes: 8 13 18 22 29 32 48 51 55 59 65 84 90 97 99
Compactness: 1140.568250
Weights: 7620.000000 24918.000000 24439.000000
Center Node: 13

District 3
Nodes: 2 17 19 25 36 41 45 57 72 78 79 81 92 98
Compactness: 1302.184762
Weights: 7233.000000 23160.000000 23698.000000
Center Node: 98

District 4
Nodes: 0 6 7 10 12 16 43 58 61 67 68 69 87 89
Compactness: 1041.936174
Weights: 7147.000000 23286.000000 23632.000000
Center Node: 16

District 5
Nodes: 1 5 15 24 31 40 42 50 54 66 70 75 80 83 86
Compactness: 1007.132644
Weights: 7673.000000 24995.000000 24970.000000
Center Node: 50

District 6
Nodes: 3 4 21 28 37 38 44 46 47 53 56 71 73 93
Compactness: 922.443290
Weights: 7228.000000 23507.000000 23539.000000
Center Node: 73

District 7
Nodes: 11 14 27 30 39 52 60 62 64 74 77 85 91 95
Compactness: 856.304741
Weights: 7203.000000 23630.000000 23277.000000
Center Node: 27
