BalanceViolation 0.000000
AffinityLoss 0.000000
Compactness 7052.171903
District 1
Nodes: 5 7 13 16 21 42 46 62 63 64 78 83 90 95
Compactness: 1030.926643
Weights: 7137.000000 23336.000000 23639.000000
Center Node: 21

District 2
Nodes: 6 11 18 22 35 38 45 76 77 87 89 91 93 98 99
Compactness: 1138.666321
Weights: 7641.000000 24464.000000 24547.000000
Center Node: 98

District 3
Nodes: 2 4 8 10 23 31 33 49 58 60 70 75 92 96
Compactness: 1075.139754
Weights: 7293.000000 23816.000000 23490.000000
Center Node: 92

District 4
Nodes: 3 25 26 29 36 37 41 43 51 59 68 79 81 97
Compactness: 861.200680
Weights: 7186.000000 23752.000000 23168.000000
Center Node: 3

District 5
Nodes: 1 14 17 19 27 39 40 44 52 65 67 73 80 85
Compactness: 884.526882
Weights: 7059.000000 23181.000000 22995.000000
Center Node: 65

District 6
Nodes: 15 30 32 47 50 53 57 61 69 72 74 82 86 88
Compactness: 919.728278
Weights: 7097.000000 23041.000000 23358.000000
Center Node: 88

District 7
Nodes: 0 9 12 20 24 28 34 48 54 55 56 66 71 84 94
Compactness: 1141.983345
Weights: 7601.000000 24271.000000 24752.000000
Center Node: 84
