BalanceViolation 0.000000
AffinityLoss 0.000000
Compactness 6629.168595
District 1
Nodes: 18 19 26 30 31 32 39 49 55 58 79 80 84 92 93
Compactness: 1133.961731
Weights: 7582.000000 24681.000000 24525.000000
Center Node: 92

District 2
Nodes: 3 9 12 27 42 48 53 60 63 67 69 72 89 98
Compactness: 757.976651
Weights: 7147.000000 23076.000000 23230.000000
Center Node: 9

District 3
Nodes: 2 7 20 28 35 52 59 65 68 71 86 88 94 99
Compactness: 1024.001921
Weights: 7175.000000 23403.000000 23564.000000
Center Node: 35

District 4
Nodes: 0 1 8 23 38 46 57 62 64 66 74 75 85 97
Compactness: 879.413771
Weights: 7104.000000 23113.000000 23077.000000
Center Node: 74

District 5
Nodes: 5 6 16 34 36 40 41 50 51 61 76 77 87 95
Compactness: 976.259111
Weights: 7232.000000 23512.000000 23303.000000
Center Node: 50

District 6
Nodes: 4 10 13 15 17 21 22 24 25 33 44 47 70 81 91
Compactness: 1067.909700
Weights: 7597.000000 24608.000000 24391.000000
Center Node: 70

District 7
Nodes: 11 14 29 37 43 45 54 56 73 78 82 83 90 96
Compactness: 789.645710
Weights: 7173.000000 23206.000000 23332.000000
Center Node: 90
