BalanceViolation 0.000000
AffinityLoss 0.000000
Compactness 6507.517862
District 1
Nodes: 1 3 15 24 30 35 45 46 56 60 63 67 75 86 97
Compactness: 825.982164
Weights: 7532.000000 24586.000000 24646.000000
Center Node: 15

District 2
Nodes: 4 14 16 20 21 37 38 69 76 82 87 88 91 98
Compactness: 1283.613004
Weights: 7121.000000 23328.000000 23182.000000
Center Node: 38

District 3
Nodes: 7 9 31 32 44 47 52 53 58 65 81 84 94 99
Compactness: 1045.067756
Weights: 7079.000000 23035.000000 23298.000000
Center Node: 94

District 4
Nodes: 2 10 11 12 13 27 43 48 49 55 59 68 80 85
Compactness: 848.137280
Weights: 7135.000000 23122.000000 23763.000000
Center Node: 11

District 5
Nodes: 5 6 8 19 25 28 34 39 41 50 66 71 90 92
Compactness: 770.773006
Weights: 7248.000000 23716.000000 23583.000000
Center Node: 39

District 6
Nodes: 18 29 33 36 40 54 57 61 62 64 70 74 78 83 93
Compactness: 918.101779
Weights: 7560.000000 24715.000000 24204.000000
Center Node: 29

District 7
Nodes: 0 17 22 23 26 42 51 72 73 77 79 89 95 96
Compactness: 815.842874
Weights: 7185.000000 23614.000000 23219.000000
Center Node: 17
