BalanceViolation 0.000000
AffinityLoss 0.000000
Compactness 6556.911972
District 1
Nodes: 12 13 14 19 23 42 57 70 78 79 89 92 94 95
Compactness: 886.699420
Weights: 7169.000000 23501.000000 23113.000000
Center Node: 92

District 2
Nodes: 2 20 21 24 29 34 37 39 49 53 65 77 81 97 98
Compactness: 918.067232
Weights: 7540.000000 24676.000000 24656.000000
Center Node: 97

District 3
Nodes: 9 11 17 18 31 32 46 58 62 72 73 76 82 93 99
Compactness: 913.823370
Weights: 7516.000000 24579.000000 24215.000000
Center Node: 82

District 4
Nodes: 7 8 10 25 27 41 44 52 56 59 68 80 87 96
Compactness: 918.630071
Weights: 7140.000000 22933.000000 23249.000000
Center Node: 25

District 5
Nodes: 4 22 36 38 40 47 51 55 61 63 64 67 83 85
Compactness: 872.242819
Weights: 7139.000000 23315.000000 23011.000000
Center Node: 4

District 6
Nodes: 0 3 6 30 35 43 48 54 60 69 71 84 86 88
Compactness: 989.255260
Weights: 7043.000000 22970.000000 23376.000000
Center Node: 88

District 7
Nodes: 1 5 15 16 26 28 33 45 50 66 74 75 90 91
Compactness: 1058.193800
Weights: 7084.000000 23266.000000 23085.000000
Center Node: 15
