BalanceViolation 0.000000
AffinityLoss 0.000000
Compactness 7021.449170
District 1
Nodes: 3 5 8 12 14 31 34 37 59 64 67 68 86 91 98
Compactness: 953.409141
Weights: 7674.000000 24929.000000 24980.000000
Center Node: 12

District 2
Nodes: 0 4 21 25 28 48 56 58 66 70 78 87 89 94 96
Compactness: 1055.917397
Weights: 7591.000000 24666.000000 24753.000000
Center Node: 70

District 3
Nodes: 1 15 19 22 50 57 61 69 72 73 79 81 84 88
Compactness: 959.439246
Weights: 7201.000000 23450.000000 23172.000000
Center Node: 73

District 4
Nodes: 2 7 17 27 33 38 40 54 62 75 77 83 92 93
Compactness: 1001.162594
Weights: 7196.000000 23374.000000 22999.000000
Center Node: 27

District 5
Nodes: 11 13 23 24 36 44 47 49 51 53 55 60 63 95
Compactness: 1189.638209
Weights: 7097.000000 23458.000000 23412.000000
Center Node: 13

District 6
Nodes: 9 16 18 20 26 30 43 45 46 74 76 80 82 85
Compactness: 913.031329
Weights: 7198.000000 23201.000000 23611.000000
Center Node: 9

District 7
Nodes: 6 10 29 32 35 39 41 42 52 65 71 90 97 99
Compactness: 948.851254
Weights: 7216.000000 23253.000000 23687.000000
Center Node: 42
