BalanceViolation 0.000000
AffinityLoss 0.000000
Compactness 7880.401078
District 1
Nodes: 16 19 24 25 43 61 62 72 73 74 80 90 100 110 111
Compactness: 1382.168439
Weights: 6180.000000 20093.000000 20535.000000
Center Node: 25

District 2
Nodes: 13 14 23 30 33 46 47 69 98 99 104 107 108 109 115
Compactness: 1214.250605
Weights: 6255.000000 20553.000000 20761.000000
Center Node: 23

District 3
Nodes: 9 20 27 36 37 39 49 50 51 58 88 92 102 103 114
Compactness: 1002.496834
Weights: 6383.000000 20544.000000 20564.000000
Center Node: 92

District 4
Nodes: 1 4 15 28 31 32 35 45 60 70 71 83 87 94 117
Compactness: 791.262441
Weights: 6388.000000 20554.000000 20639.000000
Center Node: 117

District 5
Nodes: 7 8 12 22 41 53 55 66 68 84 85 91 101 113 116
Compactness: 804.057025
Weights: 6352.000000 20401.000000 20463.000000
Center Node: 85

District 6
Nodes: 5 18 26 38 44 52 56 59 63 65 67 75 77 78 97
Compactness: 943.890638
Weights: 6321.000000 20670.000000 20496.000000
Center Node: 5

District 7
Nodes: 0 2 3 6 10 11 17 29 57 64 79 81 93 95 96
Compactness: 813.624168
Weights: 6360.000000 21119.000000 20664.000000
Center Node: 0

District 8
Nodes: 21 34 40 42 48 54 76 82 86 89 105 106 112 118 119
Compactness: 928.650928
Weights: 6376.000000 20849.000000 20542.000000
Center Node: 48
