BalanceViolation 0.000000
AffinityLoss 0.000000
Compactness 7066.650102
District 1
Nodes: 1 8 9 11 19 20 33 56 61 62 63 72 95 97
Compactness: 1214.117283
Weights: 7046.000000 23149.000000 23383.000000
Center Node: 20

District 2
Nodes: 10 14 15 26 27 35 45 48 49 59 64 69 74 76
Compactness: 1032.717864
Weights: 7244.000000 23495.000000 23470.000000
Center Node: 15

District 3
Nodes: 0 12 22 25 28 29 36 39 53 57 78 84 88 92
Compactness: 1245.926349
Weights: 7219.000000 23579.000000 23149.000000
Center Node: 0

District 4
Nodes: 3 24 38 40 46 52 55 66 67 82 83 85 86 89
Compactness: 893.566561
Weights: 7205.000000 23441.000000 23391.000000
Center Node: 82

District 5
Nodes: 4 5 13 16 18 31 42 47 51 65 79 80 87 94
Compactness: 705.153602
Weights: 7233.000000 23463.000000 23495.000000
Center Node: 31

District 6
Nodes: 23 30 34 41 54 58 70 71 75 77 81 90 93 98 99
Compactness: 1036.248175
Weights: 7431.000000 24351.000000 24168.000000
Center Node: 75

District 7
Nodes: 2 6 7 17 21 32 37 43 44 50 60 68 73 91 96
Compactness: 938.920268
Weights: 7589.000000 24511.000000 24689.000000
Center Node: 21
