BalanceViolation 0.000000
AffinityLoss 0.000000
Compactness 6995.803275
District 1
Nodes: 6 15 23 27 30 32 48 50 51 53 57 63 81 99
Compactness: 774.116094
Weights: 7196.000000 23649.000000 23418.000000
Center Node: 53

District 2
Nodes: 1 18 31 40 45 46 56 61 68 79 83 84 87 93
Compactness: 902.962201
Weights: 7092.000000 22983.000000 23009.000000
Center Node: 84

District 3
Nodes: 22 24 28 33 34 38 60 62 73 74 76 77 88 92 97
Compactness: 843.822704
Weights: 7526.000000 24406.000000 24618.000000
Center Node: 28

District 4
Nodes: 13 21 25 26 35 41 43 58 64 69 75 80 89 94
Compactness: 1024.858739
Weights: 7135.000000 23205.000000 23204.000000
Center Node: 13

District 5
Nodes: 4 7 14 17 29 42 44 55 59 67 71 72 86 91 96
Compactness: 1236.535270
Weights: 7544.000000 24500.000000 24358.000000
Center Node: 17

District 6
Nodes: 0 5 8 12 20 36 47 49 52 65 70 82 90 95
Compactness: 1258.148921
Weights: 7082.000000 23105.000000 23003.000000
Center Node: 82

District 7
Nodes: 2 3 9 10 11 16 19 37 39 54 66 78 85 98
Compactness: 955.359347
Weights: 7072.000000 23157.000000 23022.000000
Center Node: 19
