BalanceViolation 0.000000
AffinityLoss 0.000000
Compactness 6634.988559
District 1
Nodes: 19 42 47 48 49 50 60 66 69 73 82 86 87 88 98
Compactness: 911.445034
Weights: 7620.000000 24720.000000 24544.000000
Center Node: 82

District 2
Nodes: 0 8 12 26 30 36 56 74 75 78 79 94 95 96
Compactness: 1117.098061
Weights: 7206.000000 23302.000000 23523.000000
Center Node: 0

District 3
Nodes: 3 13 14 15 21 22 24 25 38 39 65 76 97 99
Compactness: 950.351663
Weights: 7343.000000 23731.000000 23401.000000
Center Node: 76

District 4
Nodes: 1 5 6 11 29 35 40 41 43 61 63 64 83 90
Compactness: 877.167428
Weights: 7154.000000 23257.000000 23133.000000
Center Node: 43

District 5
Nodes: 4 7 17 27 32 33 37 53 57 68 70 71 80 89
Compactness: 1096.618849
Weights: 7190.000000 23101.000000 23120.000000
Center Node: 80

District 6
Nodes: 16 20 23 28 34 45 51 58 59 62 81 85 92 93
Compactness: 672.514582
Weights: 7169.000000 22794.000000 23163.000000
Center Node: 23

District 7
Nodes: 2 9 10 18 31 44 46 52 54 55 67 72 77 84 91
Compactness: 1009.792942
Weights: 7628.000000 24612.000000 24669.000000
Center Node: 54
