BalanceViolation 0.000000
AffinityLoss 0.000000
Compactness 7360.140816
District 1
Nodes: 5 22 29 30 36 37 38 48 52 68 76 94 96 97 99
Compactness: 1330.788139
Weights: 7543.000000 24432.000000 24351.000000
Center Node: 97

District 2
Nodes: 7 8 23 28 44 47 51 58 61 67 81 82 83 89
Compactness: 1291.306109
Weights: 7079.000000 22635.000000 23122.000000
Center Node: 89

District 3
Nodes: 9 16 19 21 27 34 40 43 49 62 65 66 78 84
Compactness: 960.123849
Weights: 7245.000000 23422.000000 23154.000000
Center Node: 40

District 4
Nodes: 6 12 14 25 26 33 46 55 56 60 72 77 80 88 91
Compactness: 952.103267
Weights: 7581.000000 24400.000000 24627.000000
Center Node: 77

District 5
Nodes: 0 10 13 18 31 42 69 74 79 90 92 93 95 98
Compactness: 1136.291482
Weights: 7109.000000 23023.000000 23028.000000
Center Node: 10

District 6
Nodes: 2 4 11 15 20 24 32 50 57 59 63 70 71 85
Compactness: 811.303244
Weights: 7211.000000 23638.000000 23128.000000
Center Node: 50

District 7
Nodes: 1 3 17 35 39 41 45 53 54 64 73 75 86 87
Compactness: 878.224727
Weights: 7240.000000 23469.000000 23159.000000
Center Node: 64
