BalanceViolation 0.000000
AffinityLoss 0.000000
Compactness 7017.501730
District 1
Nodes: 2 14 18 23 33 35 38 39 52 63 67 74 75 93
Compactness: 1292.274667
Weights: 7167.000000 22955.000000 22943.000000
Center Node: 63

District 2
Nodes: 5 11 19 21 37 46 49 50 60 65 80 82 92 98
Compactness: 598.429840
Weights: 7206.000000 23327.000000 22706.000000
Center Node: 92

District 3
Nodes: 3 6 13 30 31 36 43 45 47 55 69 73 76 90
Compactness: 1179.393986
Weights: 7096.000000 23528.000000 23389.000000
Center Node: 47

District 4
Nodes: 0 34 42 51 57 58 62 68 77 78 79 83 95 99
Compactness: 755.885327
Weights: 7181.000000 23217.000000 23100.000000
Center Node: 68

District 5
Nodes: 4 20 26 28 44 54 56 59 70 72 81 87 88 89
Compactness: 955.603407
Weights: 7111.000000 23265.000000 23203.000000
Center Node: 4

District 6
Nodes: 7 8 9 15 17 24 32 48 61 66 71 84 91 94 96
Compactness: 1137.855967
Weights: 7571.000000 24833.000000 24404.000000
Center Node: 9

District 7
Nodes: 1 10 12 16 22 25 27 29 40 41 53 64 85 86 97
Compactness: 1098.058538
Weights: 7643.000000 24830.000000 24605.000000
Center Node: 40
