BalanceViolation 0.000000
AffinityLoss 0.000000
Compactness 7195.497542
District 1
Nodes: 14 15 23 28 36 56 60 70 73 74 75 77 82 83
Compactness: 1025.945332
Weights: 7181.000000 23489.000000 23296.000000
Center Node: 75

District 2
Nodes: 1 5 10 25 34 35 38 47 53 54 65 66 78 87 97
Compactness: 1355.474821
Weights: 7538.000000 24516.000000 24849.000000
Center Node: 1

District 3
Nodes: 8 12 31 37 49 50 59 63 67 72 90 92 93 99
Compactness: 1122.637249
Weights: 7189.000000 23265.000000 23031.000000
Center Node: 8

District 4
Nodes: 3 6 13 17 19 27 39 41 46 52 55 58 62 89
Compactness: 838.813620
Weights: 7097.000000 23154.000000 23322.000000
Center Node: 39

District 5
Nodes: 7 9 20 30 33 42 44 48 51 69 80 81 85 88 95
Compactness: 912.432991
Weights: 7594.000000 24795.000000 24852.000000
Center Node: 69

District 6
Nodes: 0 4 16 18 24 26 29 40 64 76 84 91 96 98
Compactness: 897.804902
Weights: 7310.000000 23458.000000 23122.000000
Center Node: 16

District 7
Nodes: 2 11 21 22 32 43 45 57 61 68 71 79 86 94
Compactness: 1042.388627
Weights: 7135.000000 23384.000000 23404.000000
Center Node: 45
