BalanceViolation 0.000000
AffinityLoss 0.000000
Compactness 6995.808210
District 1
Nodes: 1 5 9 12 26 41 42 43 50 62 64 67 75 76
Compactness: 1116.914389
Weights: 7185.000000 23369.000000 23355.000000
Center Node: 50

District 2
Nodes: 0 4 14 15 16 36 40 44 55 56 59 61 80 98
Compactness: 904.026788
Weights: 7209.000000 23244.000000 23298.000000
Center Node: 44

District 3
Nodes: 21 22 27 33 37 46 52 57 60 69 70 74 94 99
Compactness: 1072.720864
Weights: 7183.000000 23369.000000 22878.000000
Center Node: 33

District 4
Nodes: 3 7 13 17 18 29 31 34 35 49 51 65 72 81 84
Compactness: 1059.750864
Weights: 7536.000000 24087.000000 24707.000000
Center Node: 3

District 5
Nodes: 2 6 25 38 39 45 58 73 82 83 85 87 91 92
Compactness: 877.118911
Weights: 7032.000000 22990.000000 22728.000000
Center Node: 83

District 6
Nodes: 19 20 32 53 54 63 68 77 79 86 88 89 90 95
Compactness: 1120.804326
Weights: 7127.000000 23176.000000 23233.000000
Center Node: 77

District 7
Nodes: 8 10 11 23 24 28 30 47 48 66 71 78 93 96 97
Compactness: 844.472068
Weights: 7551.000000 24717.000000 24739.000000
Center Node: 8
