BalanceViolation 0.000000
AffinityLoss 0.000000
Compactness 7996.533412
District 1
Nodes: 1 9 11 19 27 30 34 39 42 48 49 65 66 68 113
Compactness: 952.967957
Weights: 6264.000000 20785.000000 20790.000000
Center Node: 42

District 2
Nodes: 7 14 22 32 50 59 74 75 78 83 85 87 103 105 109
Compactness: 877.584467
Weights: 6330.000000 20668.000000 20415.000000
Center Node: 75

District 3
Nodes: 0 10 29 31 37 43 54 61 64 76 81 86 90 97 107
Compactness: 843.301231
Weights: 6371.000000 20960.000000 20851.000000
Center Node: 81

District 4
Nodes: 3 4 5 8 15 20 23 40 41 88 92 95 100 106 116
Compactness: 1318.489618
Weights: 6335.000000 20661.000000 20668.000000
Center Node: 100

District 5
Nodes: 2 36 51 55 57 63 67 69 71 72 80 91 94 110 118
Compactness: 831.195804
Weights: 6531.000000 20990.000000 21209.000000
Center Node: 94

District 6
Nodes: 6 16 38 45 58 62 70 79 89 93 102 108 112 115 119
Compactness: 977.814066
Weights: 6384.000000 20644.000000 20737.000000
Center Node: 93

District 7
Nodes: 13 17 18 24 25 26 28 33 44 60 77 84 99 101 104
Compactness: 1344.893610
Weights: 6366.000000 20461.000000 20806.000000
Center Node: 60

District 8
Nodes: 12 21 35 46 47 52 53 56 73 82 96 98 111 114 117
Compactness: 850.286660
Weights: 6306.000000 20374.000000 20219.000000
Center Node: 12
