BalanceViolation 0.000000
AffinityLoss 0.000000
Compactness 7923.129887
District 1
Nodes: 2 4 35 36 60 63 74 90 91 99 100 102 107 115 116
Compactness: 863.751522
Weights: 6456.000000 20662.000000 20828.000000
Center Node: 102

District 2
Nodes: 1 8 19 33 47 49 50 51 55 61 92 94 95 112 118
Compactness: 923.901472
Weights: 6314.000000 20042.000000 20097.000000
Center Node: 51

District 3
Nodes: 7 11 12 18 21 28 30 34 37 39 41 53 65 88 93
Compactness: 719.113338
Weights: 6436.000000 20544.000000 20696.000000
Center Node: 65

District 4
Nodes: 13 17 25 44 64 70 73 79 80 82 89 103 104 106 111
Compactness: 1126.724076
Weights: 6372.000000 20874.000000 20739.000000
Center Node: 106

District 5
Nodes: 3 22 26 29 56 72 77 78 81 85 97 105 108 117 119
Compactness: 1114.196333
Weights: 6375.000000 20602.000000 20446.000000
Center Node: 105

District 6
Nodes: 0 5 15 23 24 43 52 54 62 66 67 69 87 101 114
Compactness: 1182.684951
Weights: 6283.000000 20748.000000 20907.000000
Center Node: 87

District 7
Nodes: 9 20 38 40 46 48 58 59 68 71 83 86 98 109 110
Compactness: 1052.129007
Weights: 6348.000000 20674.000000 20281.000000
Center Node: 38

District 8
Nodes: 6 10 14 16 27 31 32 42 45 57 75 76 84 96 113
Compactness: 940.629188
Weights: 6357.000000 20727.000000 20224.000000
Center Node: 16
