BalanceViolation 0.000000
AffinityLoss 0.000000
Compactness 6264.452621
District 1
Nodes: 1 6 7 11 22 26 49 51 56 57 71 90 94 98
Compactness: 1022.435871
Weights: 7148.000000 23110.000000 22989.000000
Center Node: 1

District 2
Nodes: 0 2 20 24 27 31 36 45 52 60 64 83 84 85 93
Compactness: 1036.632777
Weights: 7588.000000 24667.000000 24599.000000
Center Node: 64

District 3
Nodes: 13 15 16 21 23 25 30 43 44 54 74 80 82 86
Compactness: 795.724855
Weights: 7272.000000 23190.000000 23601.000000
Center Node: 44

District 4
Nodes: 18 19 28 32 35 40 48 50 53 59 70 72 78 91
Compactness: 1002.145325
Weights: 7078.000000 23088.000000 22676.000000
Center Node: 50

District 5
Nodes: 3 9 10 12 29 33 38 58 61 63 77 87 92 97
Compactness: 991.406975
Weights: 7170.000000 23264.000000 23342.000000
Center Node: 9

District 6
Nodes: 4 5 14 17 41 47 55 62 65 67 69 73 79 95 99
Compactness: 756.505796
Weights: 7540.000000 24372.000000 24102.000000
Center Node: 69

District 7
Nodes: 8 34 37 39 42 46 66 68 75 76 81 88 89 96
Compactness: 659.601021
Weights: 7139.000000 23308.000000 23203.000000
Center Node: 66
