BalanceViolation 0.000000
AffinityLoss 0.000000
Compactness 8016.255588
District 1
Nodes: 10 14 16 24 28 34 38 59 70 80 81 88 97 99 107
Compactness: 1109.354165
Weights: 6348.000000 20695.000000 20976.000000
Center Node: 97

District 2
Nodes: 1 2 4 9 32 37 40 52 66 68 71 82 100 104 109
Compactness: 888.686207
Weights: 6380.000000 20768.000000 20360.000000
Center Node: 100

District 3
Nodes: 26 47 51 57 58 62 65 67 83 87 98 101 103 105 114
Compactness: 977.988618
Weights: 6348.000000 20731.000000 20899.000000
Center Node: 51

District 4
Nodes: 0 29 36 50 69 74 78 84 85 90 95 108 111 117 119
Compactness: 1366.112184
Weights: 6321.000000 20694.000000 20541.000000
Center Node: 36

District 5
Nodes: 6 7 12 19 21 25 39 41 53 56 60 63 64 86 118
Compactness: 1090.819386
Weights: 6380.000000 20708.000000 20410.000000
Center Node: 60

District 6
Nodes: 11 13 15 27 35 45 48 49 55 77 89 91 94 96 115
Compactness: 1017.295043
Weights: 6440.000000 20946.000000 20810.000000
Center Node: 94

District 7
Nodes: 3 5 8 20 23 33 43 46 72 73 75 92 93 106 113
Compactness: 752.156991
Weights: 6429.000000 21012.000000 20536.000000
Center Node: 113

District 8
Nodes: 17 18 22 30 31 42 44 54 61 76 79 102 110 112 116
Compactness: 813.842994
Weights: 6373.000000 20333.000000 20648.000000
Center Node: 79
