BalanceViolation 0.000000
AffinityLoss 0.000000
Compactness 7913.889338
District 1
Nodes: 9 20 26 33 62 65 68 74 79 93 94 103 106 118 119
Compactness: 899.003246
Weights: 6318.000000 20958.000000 20333.000000
Center Node: 79

District 2
Nodes: 7 19 28 32 36 40 58 59 64 66 87 91 92 95 112
Compactness: 1448.668149
Weights: 6315.000000 20299.000000 20334.000000
Center Node: 91

District 3
Nodes: 6 10 14 15 18 22 25 30 31 37 45 104 105 107 110
Compactness: 1145.462474
Weights: 6369.000000 20427.000000 20840.000000
Center Node: 10

District 4
Nodes: 8 12 13 17 21 24 35 39 51 54 55 75 86 109 117
Compactness: 698.633719
Weights: 6389.000000 20802.000000 20546.000000
Center Node: 21

District 5
Nodes: 4 11 23 42 48 49 50 53 71 73 90 101 113 115 116
Compactness: 974.644774
Weights: 6304.000000 20773.000000 20577.000000
Center Node: 115

District 6
Nodes: 27 29 34 38 43 47 52 56 57 61 63 83 88 97 102
Compactness: 859.660987
Weights: 6434.000000 20986.000000 21381.000000
Center Node: 52

District 7
Nodes: 0 2 3 5 41 44 67 69 72 77 80 82 108 111 114
Compactness: 882.803362
Weights: 6325.000000 20497.000000 20605.000000
Center Node: 41

District 8
Nodes: 1 16 46 60 70 76 78 81 84 85 89 96 98 99 100
Compactness: 1005.012627
Weights: 6420.000000 20405.000000 20766.000000
Center Node: 76
