BalanceViolation 0.000000
AffinityLoss 0.000000
Compactness 7027.774835
District 1
Nodes: 7 16 23 28 44 49 51 64 78 79 84 85 92 93
Compactness: 1038.488264
Weights: 7105.000000 23556.000000 23301.000000
Center Node: 28

District 2
Nodes: 4 8 17 20 21 24 34 41 52 53 70 76 82 95 98
Compactness: 1073.136239
Weights: 7576.000000 24925.000000 24806.000000
Center Node: 4

District 3
Nodes: 5 14 25 27 29 37 46 54 57 60 62 66 80 87
Compactness: 1059.900023
Weights: 7065.000000 23071.000000 23077.000000
Center Node: 87

District 4
Nodes: 0 2 3 32 36 40 56 63 67 69 83 88 89 90 91
Compactness: 1066.705794
Weights: 7527.000000 24748.000000 24547.000000
Center Node: 56

District 5
Nodes: 1 9 11 15 19 31 33 39 50 59 68 72 73 94
Compactness: 847.588373
Weights: 7253.000000 23294.000000 23219.000000
Center Node: 11

District 6
Nodes: 10 13 18 26 30 42 48 55 58 61 65 71 74 97
Compactness: 860.733069
Weights: 7157.000000 23331.000000 23166.000000
Center Node: 97

District 7
Nodes: 6 12 22 35 38 43 45 47 75 77 81 86 96 99
Compactness: 1081.223073
Weights: 7252.000000 23334.000000 23709.000000
Center Node: 86
