BalanceViolation 0.000000
AffinityLoss 0.000000
Compactness 8033.208435
District 1
Nodes: 2 11 14 20 29 38 43 56 57 62 78 80 88 90 110
Compactness: 708.129557
Weights: 6406.000000 20453.000000 20748.000000
Center Node: 78

District 2
Nodes: 8 9 28 30 33 35 39 46 51 53 70 102 103 112 118
Compactness: 1193.382686
Weights: 6389.000000 20880.000000 21061.000000
Center Node: 35

District 3
Nodes: 1 4 10 21 23 26 37 44 59 71 77 91 99 105 111
Compactness: 956.688964
Weights: 6299.000000 20794.000000 20703.000000
Center Node: 21

District 4
Nodes: 13 15 22 42 49 66 68 72 73 87 96 101 104 117 119
Compactness: 1107.350908
Weights: 6402.000000 20493.000000 20812.000000
Center Node: 68

District 5
Nodes: 0 17 24 40 41 55 60 64 65 67 74 76 109 113 114
Compactness: 1060.877777
Weights: 6511.000000 20525.000000 20581.000000
Center Node: 65

District 6
Nodes: 18 19 27 34 48 50 58 61 75 79 81 86 89 95 100
Compactness: 1104.803405
Weights: 6367.000000 20588.000000 21148.000000
Center Node: 48

District 7
Nodes: 3 5 6 36 45 47 54 63 69 83 85 93 98 107 116
Compactness: 765.770673
Weights: 6403.000000 20578.000000 20808.000000
Center Node: 85

District 8
Nodes: 7 12 16 25 31 32 52 82 84 92 94 97 106 108 115
Compactness: 1136.204465
Weights: 6336.000000 20676.000000 20695.000000
Center Node: 84
