BalanceViolation 0.000000
AffinityLoss 0.000000
Compactness 6974.489807
District 1
Nodes: 6 13 22 25 39 46 51 52 81 82 87 88 91 92 94
Compactness: 1076.858351
Weights: 7609.000000 24814.000000 24902.000000
Center Node: 46

District 2
Nodes: 0 8 14 21 24 26 31 33 53 60 69 76 95 98
Compactness: 925.955926
Weights: 7160.000000 23100.000000 23303.000000
Center Node: 24

District 3
Nodes: 10 12 16 30 35 49 54 61 66 73 75 77 83 89
Compactness: 1142.568227
Weights: 7189.000000 23635.000000 23014.000000
Center Node: 12

District 4
Nodes: 5 11 17 18 29 32 34 41 45 56 63 67 78 80
Compactness: 876.645465
Weights: 7141.000000 23274.000000 23321.000000
Center Node: 17

District 5
Nodes: 1 3 7 15 19 23 27 37 38 44 50 65 86 97 99
Compactness: 894.029778
Weights: 7599.000000 24381.000000 24866.000000
Center Node: 65

District 6
Nodes: 2 20 28 36 47 55 62 64 71 72 74 79 84 96
Compactness: 1024.125051
Weights: 7219.000000 23279.000000 23380.000000
Center Node: 79

District 7
Nodes: 4 9 40 42 43 48 57 58 59 68 70 85 90 93
Compactness: 1034.307009
Weights: 7269.000000 23569.000000 23508.000000
Center Node: 43
