BalanceViolation 0.000000
AffinityLoss 0.000000
Compactness 8798.976646
District 1
Nodes: 14 15 20 26 27 31 39 40 42 46 49 51 57 68 110
Compactness: 1053.282000
Weights: 6310.000000 20588.000000 20526.000000
Center Node: 15

District 2
Nodes: 11 19 33 48 52 64 66 71 72 77 78 109 111 116 117
Compactness: 1084.332905
Weights: 6352.000000 20326.000000 20555.000000
Center Node: 72

District 3
Nodes: 1 3 10 21 45 53 55 67 83 86 90 96 107 108 114
Compactness: 1093.902547
Weights: 6360.000000 20864.000000 20752.000000
Center Node: 114

District 4
Nodes: 2 7 12 25 29 37 43 54 60 65 69 88 105 112 115
Compactness: 1298.098394
Weights: 6297.000000 20508.000000 20675.000000
Center Node: 115

District 5
Nodes: 5 17 23 30 32 47 56 70 79 84 85 87 92 94 119
Compactness: 1328.141437
Weights: 6487.000000 21075.000000 21241.000000
Center Node: 85

District 6
Nodes: 0 4 38 58 62 73 75 80 81 89 99 101 103 106 113
Compactness: 1038.965388
Weights: 6407.000000 21450.000000 20974.000000
Center Node: 103

District 7
Nodes: 8 9 13 28 34 41 50 59 63 76 82 100 102 104 118
Compactness: 1068.565063
Weights: 6467.000000 21046.000000 21239.000000
Center Node: 34

District 8
Nodes: 6 16 18 22 24 35 36 44 61 74 91 93 95 97 98
Compactness: 833.688913
Weights: 6462.000000 21154.000000 20849.000000
Center Node: 18
