BalanceViolation 0.000000
AffinityLoss 0.000000
Compactness 6686.647933
District 1
Nodes: 7 11 13 20 31 50 55 61 62 63 65 82 85 97
Compactness: 679.744885
Weights: 7213.000000 23281.000000 23457.000000
Center Node: 63

District 2
Nodes: 1 5 9 12 18 21 41 53 54 64 74 81 83 94
Compactness: 1087.489133
Weights: 7229.000000 23370.000000 23594.000000
Center Node: 53

District 3
Nodes: 0 4 14 23 25 26 27 36 44 45 48 57 59 89
Compactness: 809.844512
Weights: 7120.000000 22923.000000 23592.000000
Center Node: 4

District 4
Nodes: 2 6 10 19 22 28 29 34 58 69 78 87 93 96
Compactness: 1087.676292
Weights: 7070.000000 22970.000000 23137.000000
Center Node: 2

District 5
Nodes: 8 35 38 42 66 70 71 79 84 88 90 92 95 98 99
Compactness: 883.018865
Weights: 7601.000000 24548.000000 24734.000000
Center Node: 88

District 6
Nodes: 3 15 24 32 39 46 47 49 51 67 68 76 80 86
Compactness: 1007.065958
Weights: 7301.000000 23698.000000 23605.000000
Center Node: 3

District 7
Nodes: 16 17 30 33 37 40 43 52 56 60 72 73 75 77 91
Compactness: 1131.808287
Weights: 7642.000000 24335.000000 24830.000000
Center Node: 30
