BalanceViolation 0.000000
AffinityLoss 0.000000
Compactness 6734.300257
District 1
Nodes: 9 35 37 43 55 60 64 65 67 70 71 75 84 85 86
Compactness: 1003.253588
Weights: 7610.000000 24555.000000 24582.000000
Center Node: 37

District 2
Nodes: 0 6 8 19 23 39 41 45 48 81 88 89 94 95
Compactness: 877.274065
Weights: 7166.000000 23203.000000 23171.000000
Center Node: 94

District 3
Nodes: 5 15 16 24 25 26 32 33 53 58 59 79 80 90 99
Compactness: 1010.110776
Weights: 7628.000000 24175.000000 24640.000000
Center Node: 16

District 4
Nodes: 4 10 11 13 36 42 50 57 66 69 78 87 91 93
Compactness: 1224.001779
Weights: 7169.000000 23079.000000 23460.000000
Center Node: 50

District 5
Nodes: 1 12 17 22 30 38 40 46 52 54 56 62 74 77
Compactness: 682.706956
Weights: 7008.000000 23549.000000 23476.000000
Center Node: 40

District 6
Nodes: 2 3 7 18 20 28 29 34 49 61 68 76 83 96
Compactness: 925.043270
Weights: 7173.000000 23376.000000 23026.000000
Center Node: 96

District 7
Nodes: 14 21 27 31 44 47 51 63 72 73 82 92 97 98
Compactness: 1011.909823
Weights: 7161.000000 23214.000000 23259.000000
Center Node: 51
