BalanceViolation 0.000000
AffinityLoss 0.000000
Compactness 7213.187381
District 1
Nodes: 10 19 29 30 31 35 37 43 58 65 67 80 82 89 103
Compactness: 836.813326
Weights: 6427.000000 20806.000000 21130.000000
Center Node: 89

District 2
Nodes: 20 52 53 62 63 68 69 83 88 93 95 101 104 105 119
Compactness: 1028.442073
Weights: 6447.000000 20825.000000 20722.000000
Center Node: 83

District 3
Nodes: 3 21 22 27 32 39 42 49 50 60 74 76 86 106 107
Compactness: 727.880589
Weights: 6435.000000 21163.000000 21055.000000
Center Node: 50

District 4
Nodes: 0 15 23 24 26 41 45 48 51 66 70 71 77 112 118
Compactness: 906.475186
Weights: 6385.000000 20507.000000 20886.000000
Center Node: 48

District 5
Nodes: 2 6 7 16 34 36 57 72 78 81 90 91 92 113 116
Compactness: 910.297072
Weights: 6412.000000 21021.000000 21395.000000
Center Node: 2

District 6
Nodes: 4 13 28 38 44 55 56 59 73 75 85 98 99 109 111
Compactness: 1060.603173
Weights: 6330.000000 20705.000000 20406.000000
Center Node: 85

District 7
Nodes: 1 5 8 12 17 25 46 61 64 79 87 94 96 97 100
Compactness: 882.372336
Weights: 6266.000000 20407.000000 20133.000000
Center Node: 61

District 8
Nodes: 9 11 14 18 33 40 47 54 84 102 108 110 114 115 117
Compactness: 860.303626
Weights: 6389.000000 20423.000000 20390.000000
Center Node: 9
