BalanceViolation 0.000000
AffinityLoss 0.000000
Compactness 8042.408539
District 1
Nodes: 18 22 33 34 42 46 61 64 74 76 85 86 97 117 118
Compactness: 960.250648
Weights: 6412.000000 21012.000000 20586.000000
Center Node: 22

District 2
Nodes: 0 10 16 19 21 52 55 59 60 75 92 95 99 102 119
Compactness: 1086.947225
Weights: 6304.000000 20931.000000 20757.000000
Center Node: 0

District 3
Nodes: 1 2 3 8 17 30 40 41 44 63 77 82 94 110 114
Compactness: 688.100674
Weights: 6269.000000 20215.000000 20315.000000
Center Node: 63

District 4
Nodes: 4 5 14 24 26 37 48 54 57 66 68 72 79 89 100
Compactness: 1060.670114
Weights: 6397.000000 20773.000000 20781.000000
Center Node: 72

District 5
Nodes: 13 15 25 28 32 38 39 43 65 80 87 90 107 113 115
Compactness: 855.486612
Weights: 6475.000000 20794.000000 20709.000000
Center Node: 28

District 6
Nodes: 12 20 45 50 53 56 62 67 81 93 96 101 104 111 116
Compactness: 1212.783626
Weights: 6317.000000 20899.000000 21047.000000
Center Node: 81

District 7
Nodes: 6 9 11 35 36 49 58 69 70 83 84 91 98 109 112
Compactness: 1038.005270
Weights: 6263.000000 20427.000000 20446.000000
Center Node: 109

District 8
Nodes: 7 23 27 29 31 47 51 71 73 78 88 103 105 106 108
Compactness: 1140.164369
Weights: 6328.000000 20804.000000 20839.000000
Center Node: 88
