BalanceViolation 0.000000
AffinityLoss 0.000000
Compactness 7970.403645
District 1
Nodes: 9 19 43 46 54 60 64 77 81 82 87 91 97 109 112
Compactness: 797.643495
Weights: 6507.000000 20689.000000 21030.000000
Center Node: 81

District 2
Nodes: 0 1 12 16 39 49 62 63 69 70 75 99 100 114 116
Compactness: 1060.206212
Weights: 6338.000000 20117.000000 20389.000000
Center Node: 99

District 3
Nodes: 3 6 15 18 26 32 33 44 52 55 65 86 92 102 105
Compactness: 1207.227590
Weights: 6439.000000 21014.000000 20956.000000
Center Node: 6

District 4
Nodes: 14 31 34 36 38 45 48 68 79 85 88 90 108 110 117
Compactness: 869.979698
Weights: 6347.000000 20523.000000 20534.000000
Center Node: 38

District 5
Nodes: 4 7 8 21 23 40 47 66 71 73 80 98 104 115 119
Compactness: 806.085577
Weights: 6380.000000 20991.000000 20379.000000
Center Node: 4

District 6
Nodes: 17 20 28 35 37 61 72 76 89 93 94 95 101 107 113
Compactness: 992.890648
Weights: 6329.000000 20083.000000 20774.000000
Center Node: 101

District 7
Nodes: 10 24 27 29 42 50 53 59 74 78 83 96 103 106 118
Compactness: 1069.538589
Weights: 6502.000000 20971.000000 20751.000000
Center Node: 50

District 8
Nodes: 2 5 11 13 22 25 30 41 51 56 57 58 67 84 111
Compactness: 1166.831835
Weights: 6373.000000 20735.000000 20638.000000
Center Node: 2
