BalanceViolation 0.000000
AffinityLoss 0.000000
Compactness 7028.905123
District 1
Nodes: 7 19 25 30 33 48 56 63 68 73 79 82 83 96
Compactness: 942.127142
Weights: 7118.000000 23025.000000 23242.000000
Center Node: 56

District 2
Nodes: 0 2 4 18 31 36 38 39 50 57 61 74 88 90 93
Compactness: 1345.196825
Weights: 7611.000000 24483.000000 24664.000000
Center Node: 31

District 3
Nodes: 10 11 13 26 28 44 47 49 54 62 72 76 78 92 97
Compactness: 843.107689
Weights: 7635.000000 24754.000000 24509.000000
Center Node: 78

District 4
Nodes: 1 24 27 29 35 40 43 64 67 69 77 85 86 99
Compactness: 1171.878575
Weights: 7133.000000 23012.000000 23364.000000
Center Node: 99

District 5
Nodes: 3 12 16 17 22 23 41 45 52 55 71 75 80 95
Compactness: 1138.647881
Weights: 7176.000000 23121.000000 23223.000000
Center Node: 75

District 6
Nodes: 6 8 14 20 21 32 34 58 65 70 81 89 91 98
Compactness: 871.433500
Weights: 7147.000000 23437.000000 23640.000000
Center Node: 70

District 7
Nodes: 5 9 15 37 42 46 51 53 59 60 66 84 87 94
Compactness: 716.513511
Weights: 7155.000000 23424.000000 23705.000000
Center Node: 59
