BalanceViolation 0.000000
AffinityLoss 0.000000
Compactness 5617.367725
District 1
Nodes: 1 2 3 5 7 11 16 17 28 34 37 40 42 44 53
Compactness: 1501.522349
Weights: 12737.000000 41495.000000 41320.000000
Center Node: 44

District 2
Nodes: 0 4 10 12 18 23 24 26 31 36 38 43 47 50 51
Compactness: 1165.047400
Weights: 12857.000000 41703.000000 41963.000000
Center Node: 23

District 3
Nodes: 6 9 13 15 21 25 32 39 41 45 46 48 56 57 58
Compactness: 1648.498365
Weights: 12797.000000 41755.000000 41532.000000
Center Node: 13

District 4
Nodes: 8 14 19 20 22 27 29 30 33 35 49 52 54 55 59
Compactness: 1302.299612
Weights: 12802.000000 41868.000000 41875.000000
Center Node: 8
