BalanceViolation 0.000000
AffinityLoss 0.000000
Compactness 5339.519156
District 1
Nodes: 1 2 3 7 9 10 18 20 22 26 29 44 48 51 59
Compactness: 1309.058622
Weights: 12902.000000 41651.000000 41948.000000
Center Node: 59

District 2
Nodes: 11 12 14 15 21 24 25 31 35 38 42 43 45 46 49
Compactness: 1355.546112
Weights: 12677.000000 41403.000000 40753.000000
Center Node: 24

District 3
Nodes: 4 5 8 16 17 19 23 33 34 39 40 41 50 55 57
Compactness: 1281.791832
Weights: 12848.000000 41328.000000 41229.000000
Center Node: 50

District 4
Nodes: 0 6 13 27 28 30 32 36 37 47 52 53 54 56 58
Compactness: 1393.122591
Weights: 12778.000000 40786.000000 41465.000000
Center Node: 0
