BalanceViolation 0.000000
AffinityLoss 0.000000
Compactness 5480.665216
District 1
Nodes: 0 5 14 15 16 26 29 32 38 39 40 43 45 47 56
Compactness: 1508.685170
Weights: 12775.000000 41126.000000 41442.000000
Center Node: 29

District 2
Nodes: 2 4 7 9 10 12 13 23 24 27 30 44 46 51 58
Compactness: 1296.744556
Weights: 12822.000000 41991.000000 42037.000000
Center Node: 44

District 3
Nodes: 3 6 8 11 17 18 21 22 31 34 48 49 50 54 55
Compactness: 1448.964716
Weights: 12637.000000 41143.000000 40984.000000
Center Node: 17

District 4
Nodes: 1 19 20 25 28 33 35 36 37 41 42 52 53 57 59
Compactness: 1226.270773
Weights: 12597.000000 41650.000000 41135.000000
Center Node: 52
