BalanceViolation 0.000000
AffinityLoss 0.000000
Compactness 5543.489270
District 1
Nodes: 2 5 8 17 18 22 36 37 38 39 41 49 55 57 58
Compactness: 1323.655491
Weights: 12764.000000 41521.000000 41328.000000
Center Node: 38

District 2
Nodes: 3 6 7 16 19 23 26 27 33 35 40 43 44 45 51
Compactness: 1313.661398
Weights: 12760.000000 41501.000000 40721.000000
Center Node: 43

District 3
Nodes: 4 12 13 15 21 29 32 34 42 48 50 52 53 56 59
Compactness: 1635.933428
Weights: 12853.000000 41036.000000 41594.000000
Center Node: 21

District 4
Nodes: 0 1 9 10 11 14 20 24 25 28 30 31 46 47 54
Compactness: 1270.238953
Weights: 12597.000000 40973.000000 41041.000000
Center Node: 0
