BalanceViolation 0.000000
AffinityLoss 0.000000
Compactness 5879.095633
District 1
Nodes: 2 9 12 13 15 30 37 45 50 60 62 68 70
Compactness: 852.579728
Weights: 8216.000000 27195.000000 27585.000000
Center Node: 13

District 2
Nodes: 0 18 20 31 33 35 36 47 49 54 59 64 66 78
Compactness: 853.455267
Weights: 8699.000000 28610.000000 28289.000000
Center Node: 18

District 3
Nodes: 3 5 21 22 34 40 43 56 57 65 67 74 77
Compactness: 822.627929
Weights: 8219.000000 26553.000000 26910.000000
Center Node: 40

District 4
Nodes: 11 17 25 29 39 44 46 51 63 71 72 73 75 76
Compactness: 1174.352017
Weights: 8854.000000 29062.000000 28732.000000
Center Node: 46

District 5
Nodes: 1 6 8 24 26 27 38 42 48 52 53 55 69
Compactness: 1055.836957
Weights: 8460.000000 27522.000000 27256.000000
Center Node: 38

District 6
Nodes: 4 7 10 14 16 19 23 28 32 41 58 61 79
Compactness: 1120.243734
Weights: 8402.000000 27210.000000 26949.000000
Center Node: 14
