BalanceViolation 0.000000
AffinityLoss 0.000000
Compactness 6271.258990
District 1
Nodes: 5 6 16 18 35 52 55 56 61 62 67 70 79
Compactness: 805.805423
Weights: 8411.000000 27247.000000 27193.000000
Center Node: 18

District 2
Nodes: 0 9 10 11 14 19 21 32 33 37 71 73 77
Compactness: 1342.241638
Weights: 8252.000000 27476.000000 27048.000000
Center Node: 21

District 3
Nodes: 7 8 12 15 28 34 47 49 54 57 58 74 76 78
Compactness: 1063.713397
Weights: 8878.000000 28814.000000 28762.000000
Center Node: 74

District 4
Nodes: 1 20 24 31 36 38 39 41 42 64 66 68 69 75
Compactness: 1145.260290
Weights: 8940.000000 28658.000000 28879.000000
Center Node: 1

District 5
Nodes: 2 4 25 30 40 43 45 46 48 50 51 53 60
Compactness: 1060.074746
Weights: 8429.000000 27454.000000 27340.000000
Center Node: 53

District 6
Nodes: 3 13 17 22 23 26 27 29 44 59 63 65 72
Compactness: 854.163496
Weights: 8250.000000 26385.000000 27061.000000
Center Node: 13
