BalanceViolation 0.000000
AffinityLoss 0.000000
Compactness 5564.829019
District 1
Nodes: 6 12 14 15 20 31 48 50 51 54 57 66 73
Compactness: 976.604424
Weights: 8432.000000 27105.000000 27296.000000
Center Node: 15

District 2
Nodes: 1 9 10 11 26 45 46 55 56 59 65 68 70
Compactness: 874.531195
Weights: 8323.000000 27229.000000 27224.000000
Center Node: 65

District 3
Nodes: 5 17 19 28 34 38 58 61 62 64 67 72 74 78
Compactness: 679.057802
Weights: 8878.000000 29003.000000 28821.000000
Center Node: 58

District 4
Nodes: 0 7 8 21 27 36 39 43 52 60 63 77 79
Compactness: 833.244383
Weights: 8195.000000 26817.000000 26290.000000
Center Node: 63

District 5
Nodes: 3 4 16 22 23 24 32 35 40 49 69 71 75 76
Compactness: 1221.817421
Weights: 8906.000000 28777.000000 28948.000000
Center Node: 49

District 6
Nodes: 2 13 18 25 29 30 33 37 41 42 44 47 53
Compactness: 979.573793
Weights: 8317.000000 27122.000000 26885.000000
Center Node: 53
