BalanceViolation 0.000000
AffinityLoss 0.000000
Compactness 5942.077748
District 1
Nodes: 6 23 31 33 41 42 48 58 59 67 68 75 79
Compactness: 1096.606149
Weights: 8263.000000 26862.000000 27191.000000
Center Node: 41

District 2
Nodes: 0 4 12 16 21 27 34 35 44 51 52 55 78
Compactness: 997.986391
Weights: 8227.000000 26934.000000 27039.000000
Center Node: 16

District 3
Nodes: 13 20 26 36 39 40 45 46 53 54 62 66 70 71
Compactness: 948.303588
Weights: 8828.000000 28862.000000 28408.000000
Center Node: 71

District 4
Nodes: 8 11 17 18 19 25 29 30 43 57 64 74 76 77
Compactness: 1061.309201
Weights: 8849.000000 28867.000000 28799.000000
Center Node: 77

District 5
Nodes: 1 2 7 15 24 32 37 38 49 60 63 69 72
Compactness: 951.310534
Weights: 8335.000000 26651.000000 27047.000000
Center Node: 69

District 6
Nodes: 3 5 9 10 14 22 28 47 50 56 61 65 73
Compactness: 886.561885
Weights: 8376.000000 27395.000000 26719.000000
Center Node: 10
