BalanceViolation 0.000000
AffinityLoss 0.000000
Compactness 5882.937394
District 1
Nodes: 14 21 23 27 28 39 47 55 59 60 63 64 67 77
Compactness: 724.583160
Weights: 8902.000000 29239.000000 28857.000000
Center Node: 77

District 2
Nodes: 0 4 5 6 30 34 46 48 50 58 68 70 78
Compactness: 1356.957385
Weights: 8355.000000 27197.000000 27138.000000
Center Node: 58

District 3
Nodes: 8 13 29 31 32 38 41 42 52 71 72 76 79
Compactness: 816.887006
Weights: 8475.000000 27383.000000 27253.000000
Center Node: 42

District 4
Nodes: 7 9 10 12 17 20 24 33 36 37 40 57 66 73
Compactness: 1301.695262
Weights: 8868.000000 28629.000000 29008.000000
Center Node: 17

District 5
Nodes: 1 2 3 18 19 22 25 43 44 54 61 62 75
Compactness: 868.822473
Weights: 8276.000000 27133.000000 27105.000000
Center Node: 19

District 6
Nodes: 11 15 16 26 35 45 49 51 53 56 65 69 74
Compactness: 813.992108
Weights: 8384.000000 27506.000000 27465.000000
Center Node: 11
