BalanceViolation 0.000000
AffinityLoss 0.000000
Compactness 6219.435680
District 1
Nodes: 1 2 10 12 22 23 26 30 39 54 55 62 65 71
Compactness: 1048.744979
Weights: 8897.000000 28636.000000 28650.000000
Center Node: 12

District 2
Nodes: 0 3 15 20 21 27 28 29 32 46 47 58 59 78
Compactness: 1150.251674
Weights: 8873.000000 28324.000000 28785.000000
Center Node: 0

District 3
Nodes: 6 11 13 18 35 45 49 51 52 57 60 69 74
Compactness: 1013.924736
Weights: 8340.000000 26908.000000 27321.000000
Center Node: 49

District 4
Nodes: 4 14 25 33 37 41 42 43 48 53 61 63 66
Compactness: 994.262828
Weights: 8304.000000 26785.000000 27114.000000
Center Node: 61

District 5
Nodes: 5 9 19 34 36 38 40 44 56 64 70 76 77
Compactness: 1175.056351
Weights: 8219.000000 27193.000000 27109.000000
Center Node: 64

District 6
Nodes: 7 8 16 17 24 31 50 67 68 72 73 75 79
Compactness: 837.195112
Weights: 8341.000000 27045.000000 27072.000000
Center Node: 79
