BalanceViolation 0.000000
AffinityLoss 0.000000
Compactness 6152.257733
District 1
Nodes: 7 11 17 18 21 45 46 51 56 57 60 62 65 70
Compactness: 1038.522455
Weights: 8905.000000 28496.000000 28885.000000
Center Node: 51

District 2
Nodes: 3 5 22 26 32 35 38 40 49 59 63 73 75
Compactness: 1097.982655
Weights: 8223.000000 26694.000000 27025.000000
Center Node: 5

District 3
Nodes: 10 13 15 31 33 37 39 53 55 61 66 74 76
Compactness: 1159.435056
Weights: 8331.000000 27326.000000 27025.000000
Center Node: 37

District 4
Nodes: 6 8 12 19 30 36 42 47 50 54 69 71 77
Compactness: 636.439217
Weights: 8359.000000 27271.000000 26721.000000
Center Node: 12

District 5
Nodes: 2 4 23 24 25 29 34 43 44 48 52 72 78 79
Compactness: 1093.670637
Weights: 8852.000000 28748.000000 28768.000000
Center Node: 24

District 6
Nodes: 0 1 9 14 16 20 27 28 41 58 64 67 68
Compactness: 1126.207713
Weights: 8370.000000 27399.000000 27328.000000
Center Node: 28
