BalanceViolation 0.000000
AffinityLoss 0.000000
Compactness 9421.701584
District 1
Nodes: 10 16 28 29 33 34 38 49 60 66 67 71 77 95 105 124 134
Compactness: 1258.391099
Weights: 5635.000000 18410.000000 18835.000000
Center Node: 38

District 2
Nodes: 12 30 39 42 54 55 72 85 91 94 102 111 128 131 135 141
Compactness: 1004.851306
Weights: 5435.000000 17634.000000 17713.000000
Center Node: 55

District 3
Nodes: 5 9 13 14 20 41 43 56 75 80 83 87 88 109 132 146 149
Compactness: 1138.353855
Weights: 5726.000000 18873.000000 19078.000000
Center Node: 13

District 4
Nodes: 35 48 59 68 76 81 100 103 104 106 113 116 122 123 125 138 147
Compactness: 1147.411131
Weights: 5817.000000 18873.000000 18636.000000
Center Node: 59

District 5
Nodes: 3 22 24 51 57 62 63 78 79 82 89 118 126 127 130 143
Compactness: 1139.946732
Weights: 5366.000000 17604.000000 17729.000000
Center Node: 63

District 6
Nodes: 0 18 26 44 47 50 58 61 65 84 90 97 114 115 119 120 129
Compactness: 759.565426
Weights: 5751.000000 18620.000000 18834.000000
Center Node: 120

District 7
Nodes: 2 11 19 31 40 52 64 69 70 86 92 101 117 121 136 137
Compactness: 887.827308
Weights: 5423.000000 17522.000000 17656.000000
Center Node: 40

District 8
Nodes: 6 8 15 21 25 36 37 74 96 98 110 112 139 140 142 144 148
Compactness: 931.282716
Weights: 5738.000000 18469.000000 18660.000000
Center Node: 112

District 9
Nodes: 1 4 7 17 23 27 32 45 46 53 73 93 99 107 108 133 145
Compactness: 1154.072012
Weights: 5756.000000 18401.000000 18659.000000
Center Node: 73
