BalanceViolation 0.000000
AffinityLoss 0.000000
Compactness 9254.689641
District 1
Nodes: 1 10 29 37 50 58 59 62 67 71 84 86 87 99 132 136 148
Compactness: 973.127676
Weights: 5769.000000 18807.000000 18274.000000
Center Node: 58

District 2
Nodes: 4 12 18 20 24 31 51 52 91 95 100 109 110 118 135 141 144
Compactness: 1073.336485
Weights: 5760.000000 18680.000000 18615.000000
Center Node: 144

District 3
Nodes: 21 23 25 27 44 45 55 63 78 82 101 106 108 111 113 121 122
Compactness: 1022.241802
Weights: 5790.000000 18804.000000 18374.000000
Center Node: 23

District 4
Nodes: 15 26 38 43 65 66 73 77 92 96 103 104 107 126 127 137
Compactness: 1139.186615
Weights: 5364.000000 17615.000000 17455.000000
Center Node: 96

District 5
Nodes: 0 11 14 19 22 54 56 68 75 80 81 88 125 128 129 134 143
Compactness: 1092.789735
Weights: 5811.000000 18630.000000 18929.000000
Center Node: 129

District 6
Nodes: 7 39 40 41 42 47 49 61 69 70 76 79 105 119 131 139 147
Compactness: 984.971412
Weights: 5782.000000 18672.000000 18870.000000
Center Node: 147

District 7
Nodes: 5 13 36 46 48 53 64 74 83 85 97 98 115 120 145 149
Compactness: 994.271759
Weights: 5409.000000 17652.000000 17408.000000
Center Node: 64

District 8
Nodes: 2 3 8 9 33 34 57 60 72 89 90 93 94 102 116 117 133
Compactness: 1074.069758
Weights: 5732.000000 18997.000000 18503.000000
Center Node: 89

District 9
Nodes: 6 16 17 28 30 32 35 112 114 123 124 130 138 140 142 146
Compactness: 900.694399
Weights: 5394.000000 17524.000000 17652.000000
Center Node: 28
