BalanceViolation 0.000000
AffinityLoss 0.000000
Compactness 9055.554671
District 1
Nodes: 19 27 46 53 57 66 78 79 83 84 88 93 95 97 115 129 133
Compactness: 931.086030
Weights: 5756.000000 18658.000000 18484.000000
Center Node: 115

District 2
Nodes: 5 31 36 58 85 89 98 102 104 121 124 127 131 136 137 146 148
Compactness: 1642.641229
Weights: 5675.000000 18476.000000 18687.000000
Center Node: 136

District 3
Nodes: 15 26 29 37 42 47 49 63 69 74 80 91 101 112 125 132 140
Compactness: 899.428161
Weights: 5785.000000 18683.000000 18791.000000
Center Node: 42

District 4
Nodes: 13 18 20 23 34 35 43 48 61 65 86 107 119 120 138 143
Compactness: 1092.503609
Weights: 5421.000000 17762.000000 17750.000000
Center Node: 65

District 5
Nodes: 6 7 8 11 38 41 68 71 72 73 96 103 113 135 139 145
Compactness: 931.390607
Weights: 5474.000000 17713.000000 17530.000000
Center Node: 103

District 6
Nodes: 1 3 24 32 45 62 76 87 90 109 111 116 117 118 141 142
Compactness: 972.779014
Weights: 5511.000000 17945.000000 18009.000000
Center Node: 111

District 7
Nodes: 0 10 17 28 39 40 55 56 67 70 81 82 108 110 126 128 130
Compactness: 855.023997
Weights: 5784.000000 18520.000000 18673.000000
Center Node: 67

District 8
Nodes: 4 22 30 33 44 50 51 52 54 77 92 94 99 100 105 106 114
Compactness: 674.134479
Weights: 5746.000000 18716.000000 18371.000000
Center Node: 100

District 9
Nodes: 2 9 12 14 16 21 25 59 60 64 75 122 123 134 144 147 149
Compactness: 1056.567545
Weights: 5741.000000 19019.000000 18753.000000
Center Node: 147
