BalanceViolation 0.000000
AffinityLoss 0.000000
Compactness 9680.397717
District 1
Nodes: 8 11 20 24 41 47 65 82 94 96 106 109 110 111 124 136 143
Compactness: 861.186757
Weights: 5713.000000 19089.000000 18587.000000
Center Node: 94

District 2
Nodes: 2 3 7 12 37 39 44 97 108 116 120 125 139 141 142 147
Compactness: 857.673642
Weights: 5355.000000 17596.000000 17655.000000
Center Node: 125

District 3
Nodes: 17 30 32 40 51 58 61 64 81 87 92 99 100 104 115 146
Compactness: 1283.764123
Weights: 5416.000000 17586.000000 17435.000000
Center Node: 58

District 4
Nodes: 14 25 43 48 55 56 59 68 79 98 102 123 132 134 135 145 149
Compactness: 857.394025
Weights: 5740.000000 18383.000000 18818.000000
Center Node: 14

District 5
Nodes: 1 9 28 53 60 63 69 78 83 89 95 101 103 119 122 128 130
Compactness: 1283.037309
Weights: 5625.000000 18684.000000 18467.000000
Center Node: 1

District 6
Nodes: 5 16 27 33 35 38 46 57 66 70 93 114 117 127 129 140
Compactness: 994.502054
Weights: 5466.000000 17867.000000 17711.000000
Center Node: 35

District 7
Nodes: 6 15 18 19 26 29 52 54 67 71 77 85 91 112 121 126 137
Compactness: 1060.891215
Weights: 5696.000000 18307.000000 18437.000000
Center Node: 121

District 8
Nodes: 0 4 13 21 22 23 31 42 45 50 72 74 75 86 138 144 148
Compactness: 1189.698568
Weights: 5838.000000 18873.000000 18974.000000
Center Node: 74

District 9
Nodes: 10 34 36 49 62 73 76 80 84 88 90 105 107 113 118 131 133
Compactness: 1292.250025
Weights: 5754.000000 18563.000000 18606.000000
Center Node: 105
