BalanceViolation 0.000000
AffinityLoss 0.000000
Compactness 9206.842203
District 1
Nodes: 17 25 28 41 46 48 59 60 61 64 65 68 79 89 105 107 117
Compactness: 740.172157
Weights: 5730.000000 18540.000000 18662.000000
Center Node: 25

District 2
Nodes: 0 7 8 20 30 49 63 70 80 119 120 124 136 137 138 143 148
Compactness: 1215.919712
Weights: 5876.000000 19001.000000 18616.000000
Center Node: 63

District 3
Nodes: 11 16 18 54 72 82 91 95 102 113 121 123 128 131 132 133 135
Compactness: 1168.412759
Weights: 5731.000000 18326.000000 18728.000000
Center Node: 135

District 4
Nodes: 4 9 29 33 35 38 42 44 53 69 78 84 93 94 101 125 126
Compactness: 921.010405
Weights: 5708.000000 18556.000000 18848.000000
Center Node: 4

District 5
Nodes: 10 14 24 27 45 50 55 62 85 92 96 112 116 118 130 142 147
Compactness: 1056.246906
Weights: 5827.000000 18506.000000 18596.000000
Center Node: 55

District 6
Nodes: 2 5 12 32 51 67 81 87 99 106 108 129 139 144 146 149
Compactness: 1014.932210
Weights: 5419.000000 17732.000000 17727.000000
Center Node: 5

District 7
Nodes: 6 36 37 40 43 47 52 56 57 58 66 74 76 103 110 115
Compactness: 1051.138598
Weights: 5506.000000 17768.000000 17914.000000
Center Node: 58

District 8
Nodes: 1 3 19 21 22 26 34 71 73 75 77 86 88 104 134 140 145
Compactness: 1016.475340
Weights: 5736.000000 18720.000000 18856.000000
Center Node: 75

District 9
Nodes: 13 15 23 31 39 83 90 97 98 100 109 111 114 122 127 141
Compactness: 1022.534116
Weights: 5386.000000 17612.000000 17539.000000
Center Node: 39
