BalanceViolation 0.000000
AffinityLoss 0.000000
Compactness 8833.915439
District 1
Nodes: 6 9 23 25 36 38 39 51 65 72 108 120 132 139 143 147 149
Compactness: 1229.512793
Weights: 5784.000000 18430.000000 18982.000000
Center Node: 9

District 2
Nodes: 1 7 12 18 24 47 53 63 64 89 90 94 110 112 123 127 148
Compactness: 1026.264506
Weights: 5737.000000 18235.000000 18612.000000
Center Node: 7

District 3
Nodes: 26 28 29 34 40 46 50 56 58 73 84 106 116 134 138 142
Compactness: 998.299027
Weights: 5372.000000 17708.000000 17843.000000
Center Node: 58

District 4
Nodes: 3 13 15 17 22 45 55 67 98 101 105 107 111 113 137 145
Compactness: 750.930959
Weights: 5500.000000 18092.000000 17961.000000
Center Node: 17

District 5
Nodes: 0 16 19 31 41 43 44 57 60 71 78 91 96 97 100 109 133
Compactness: 833.082301
Weights: 5680.000000 18798.000000 18475.000000
Center Node: 96

District 6
Nodes: 11 20 27 35 54 59 69 70 76 79 87 95 118 125 135 140 144
Compactness: 988.337536
Weights: 5727.000000 18807.000000 18951.000000
Center Node: 140

District 7
Nodes: 5 8 14 21 30 66 74 81 82 88 102 114 115 124 131 141 146
Compactness: 887.298876
Weights: 5805.000000 18609.000000 18728.000000
Center Node: 115

District 8
Nodes: 2 4 10 33 42 61 62 75 85 86 103 119 121 122 128 136
Compactness: 1415.731356
Weights: 5382.000000 17582.000000 17648.000000
Center Node: 42

District 9
Nodes: 32 37 48 49 52 68 77 80 83 92 93 99 104 117 126 129 130
Compactness: 704.458086
Weights: 5739.000000 18696.000000 18785.000000
Center Node: 37
