BalanceViolation 0.000000
AffinityLoss 0.000000
Compactness 8528.059609
District 1
Nodes: 21 25 31 53 64 69 70 97 100 102 106 109 115 122 129 134 145
Compactness: 1184.577159
Weights: 5586.000000 18289.000000 18142.000000
Center Node: 145

District 2
Nodes: 2 5 33 50 66 68 79 82 104 113 116 119 123 132 135 136 147
Compactness: 843.901701
Weights: 5762.000000 18347.000000 18382.000000
Center Node: 113

District 3
Nodes: 4 28 32 39 49 74 76 77 78 84 90 91 99 108 131 138 140
Compactness: 846.844376
Weights: 5709.000000 18593.000000 18792.000000
Center Node: 78

District 4
Nodes: 6 34 35 37 42 48 51 54 63 65 73 88 93 96 127 128 141
Compactness: 954.009683
Weights: 5562.000000 18575.000000 18373.000000
Center Node: 96

District 5
Nodes: 0 3 11 13 23 27 56 58 62 67 71 85 95 98 117 126 148
Compactness: 987.240280
Weights: 5658.000000 18388.000000 18321.000000
Center Node: 62

District 6
Nodes: 1 12 24 29 36 52 59 72 86 89 103 120 130 139 143 149
Compactness: 635.628200
Weights: 5444.000000 17909.000000 17643.000000
Center Node: 52

District 7
Nodes: 9 10 15 19 30 44 55 61 83 101 105 107 118 124 133 142
Compactness: 798.234430
Weights: 5498.000000 17956.000000 17727.000000
Center Node: 133

District 8
Nodes: 7 17 20 26 40 41 45 47 57 81 87 94 110 114 121 137
Compactness: 1078.158122
Weights: 5372.000000 17799.000000 17601.000000
Center Node: 94

District 9
Nodes: 8 14 16 18 22 38 43 46 60 75 80 92 111 112 125 144 146
Compactness: 1199.465659
Weights: 5817.000000 18876.000000 18812.000000
Center Node: 8
