BalanceViolation 0.000000
AffinityLoss 0.000000
Compactness 9284.760272
District 1
Nodes: 1 4 23 24 25 38 39 68 77 82 101 114 125 128 130 133 136
Compactness: 1019.573443
Weights: 5802.000000 18762.000000 18901.000000
Center Node: 133

District 2
Nodes: 8 12 20 22 31 34 50 70 72 73 79 89 96 105 113 127 129
Compactness: 972.977668
Weights: 5822.000000 19086.000000 19147.000000
Center Node: 22

District 3
Nodes: 10 36 40 44 51 54 60 61 71 84 91 110 112 122 137 147
Compactness: 1085.993849
Weights: 5392.000000 17697.000000 17795.000000
Center Node: 91

District 4
Nodes: 5 45 52 58 65 66 78 86 88 103 107 132 138 141 143 145 146
Compactness: 1320.075346
Weights: 5768.000000 18998.000000 18674.000000
Center Node: 65

District 5
Nodes: 16 26 28 43 47 56 57 74 75 76 97 100 111 119 123 124 131
Compactness: 755.697657
Weights: 5752.000000 18978.000000 18151.000000
Center Node: 26

District 6
Nodes: 0 2 11 13 18 19 35 46 62 83 87 115 118 126 134 135 140
Compactness: 1054.649201
Weights: 5732.000000 18610.000000 18600.000000
Center Node: 35

District 7
Nodes: 14 27 29 33 41 48 67 81 85 94 102 106 116 117 144 149
Compactness: 941.050570
Weights: 5480.000000 17997.000000 17999.000000
Center Node: 144

District 8
Nodes: 6 7 9 32 37 42 49 55 64 69 98 99 109 121 142 148
Compactness: 1114.420202
Weights: 5401.000000 17585.000000 17471.000000
Center Node: 69

District 9
Nodes: 3 15 17 21 30 53 59 63 80 90 92 93 95 104 108 120 139
Compactness: 1020.322336
Weights: 5718.000000 18682.000000 18625.000000
Center Node: 30
