BalanceViolation 0.000000
AffinityLoss 0.000000
Compactness 9049.907000
District 1
Nodes: 0 4 21 42 46 62 65 82 94 103 109 118 125 127 139 141 146
Compactness: 1002.279817
Weights: 5664.000000 18474.000000 18580.000000
Center Node: 82

District 2
Nodes: 5 11 13 45 59 60 70 73 83 85 87 95 97 116 132 133 136
Compactness: 950.650795
Weights: 5769.000000 18533.000000 18556.000000
Center Node: 70

District 3
Nodes: 2 19 25 38 41 44 61 74 75 89 93 101 115 119 130 144
Compactness: 1314.280914
Weights: 5426.000000 17589.000000 17968.000000
Center Node: 41

District 4
Nodes: 8 17 20 27 33 51 52 86 98 99 112 114 120 123 124 134 137
Compactness: 1131.712768
Weights: 5682.000000 18388.000000 18865.000000
Center Node: 123

District 5
Nodes: 6 7 14 32 49 53 68 80 84 90 91 104 106 108 113 117 149
Compactness: 1125.716489
Weights: 5806.000000 18510.000000 18646.000000
Center Node: 32

District 6
Nodes: 16 23 30 36 40 48 50 57 58 71 77 79 88 96 128 140
Compactness: 928.327218
Weights: 5440.000000 17578.000000 17557.000000
Center Node: 128

District 7
Nodes: 1 9 15 18 22 26 29 54 55 63 69 78 121 122 129 138 142
Compactness: 723.522266
Weights: 5793.000000 18993.000000 18859.000000
Center Node: 138

District 8
Nodes: 34 35 39 43 66 72 76 81 100 102 107 135 143 145 147 148
Compactness: 803.213025
Weights: 5428.000000 17958.000000 17855.000000
Center Node: 66

District 9
Nodes: 3 10 12 24 28 31 37 47 56 64 67 92 105 110 111 126 131
Compactness: 1070.203708
Weights: 5771.000000 18681.000000 18448.000000
Center Node: 67
