BalanceViolation 0.000000
AffinityLoss 0.000000
Compactness 9124.814210
District 1
Nodes: 14 20 25 26 30 36 41 47 52 57 66 67 80 105 129 133 149
Compactness: 975.950522
Weights: 5844.000000 18797.000000 19168.000000
Center Node: 52

District 2
Nodes: 1 13 16 35 38 42 64 72 89 92 109 120 125 132 138 143 146
Compactness: 1050.097637
Weights: 5732.000000 18659.000000 18700.000000
Center Node: 35

District 3
Nodes: 2 11 12 19 22 37 43 48 55 75 83 97 104 115 136 145
Compactness: 1183.702982
Weights: 5475.000000 17518.000000 17559.000000
Center Node: 136

District 4
Nodes: 6 18 24 45 49 61 70 74 87 88 91 93 100 110 111 131
Compactness: 1039.223357
Weights: 5494.000000 17764.000000 17837.000000
Center Node: 91

District 5
Nodes: 15 31 34 46 51 53 69 95 98 103 106 107 108 116 118 128 144
Compactness: 925.822869
Weights: 5763.000000 18719.000000 18820.000000
Center Node: 106

District 6
Nodes: 3 5 8 28 29 62 71 73 79 81 82 85 102 121 124 137 142
Compactness: 968.477655
Weights: 5690.000000 18702.000000 18343.000000
Center Node: 73

District 7
Nodes: 0 7 9 23 27 32 39 44 65 76 84 90 96 101 127 135 140
Compactness: 1232.145236
Weights: 5774.000000 18523.000000 18700.000000
Center Node: 135

District 8
Nodes: 4 21 50 54 59 60 63 77 112 117 122 123 126 130 139 147
Compactness: 898.074198
Weights: 5427.000000 17704.000000 17973.000000
Center Node: 59

District 9
Nodes: 10 17 33 40 56 58 68 78 86 94 99 113 114 119 134 141 148
Compactness: 851.319755
Weights: 5721.000000 18621.000000 18644.000000
Center Node: 17
