BalanceViolation 0.000000
AffinityLoss 0.000000
Compactness 9965.988943
District 1
Nodes: 7 17 25 37 60 72 95 111 128 130 161 162 163 188 190
Compactness: 652.105837
Weights: 3767.000000 12319.000000 12245.000000
Center Node: 128

District 2
Nodes: 4 5 6 9 22 38 40 44 51 57 87 92 114 164 166 171
Compactness: 787.283843
Weights: 4064.000000 12882.000000 12928.000000
Center Node: 57

District 3
Nodes: 15 30 63 64 73 77 94 106 112 115 125 140 152 156 178 195
Compactness: 814.022815
Weights: 4110.000000 13184.000000 13278.000000
Center Node: 63

District 4
Nodes: 3 23 29 47 76 79 100 126 153 165 167 169 183 193 199
Compactness: 607.615718
Weights: 3867.000000 12780.000000 12505.000000
Center Node: 153

District 5
Nodes: 14 16 26 46 49 81 82 86 98 109 113 147 168 180 197
Compactness: 807.358199
Weights: 3862.000000 12562.000000 12271.000000
Center Node: 82

District 6
Nodes: 21 32 33 36 39 50 67 123 127 129 134 136 139 150 155
Compactness: 851.530754
Weights: 3877.000000 12507.000000 12595.000000
Center Node: 134

District 7
Nodes: 0 2 13 19 54 55 78 83 104 108 117 148 151 154 159 170
Compactness: 861.542300
Weights: 4018.000000 13189.000000 13049.000000
Center Node: 148

District 8
Nodes: 24 27 35 52 53 56 96 124 131 137 142 174 179 182 191
Compactness: 697.877671
Weights: 3765.000000 12300.000000 12340.000000
Center Node: 53

District 9
Nodes: 8 28 65 97 103 118 120 122 132 144 175 176 185 186 187
Compactness: 686.464049
Weights: 3882.000000 12422.000000 12475.000000
Center Node: 122

District 10
Nodes: 10 11 12 31 41 48 58 90 105 110 133 141 172 181 189
Compactness: 765.814473
Weights: 3846.000000 12777.000000 12656.000000
Center Node: 181

District 11
Nodes: 1 18 42 43 68 69 71 75 80 85 88 91 101 158 198
Compactness: 740.751108
Weights: 3826.000000 12361.000000 12424.000000
Center Node: 43

District 12
Nodes: 20 59 61 62 89 107 116 119 121 135 143 157 173 177 194 196
Compactness: 669.107275
Weights: 4033.000000 13033.000000 13010.000000
Center Node: 135

District 13
Nodes: 34 45 66 70 74 84 93 99 102 138 145 146 149 160 184 192
Compactness: 1024.514904
Weights: 4081.000000 12984.000000 13101.000000
Center Node: 102
