BalanceViolation 0.000000
AffinityLoss 0.000000
Compactness 10519.611778
District 1
Nodes: 36 54 56 65 92 94 97 99 113 138 141 144 147 150 162 197
Compactness: 836.501396
Weights: 4115.000000 13225.000000 13161.000000
Center Node: 144

District 2
Nodes: 2 21 48 53 69 70 72 88 102 114 145 151 158 159 176
Compactness: 980.815669
Weights: 3832.000000 12195.000000 12403.000000
Center Node: 151

District 3
Nodes: 17 23 26 27 29 31 74 79 91 109 119 131 143 186 190
Compactness: 672.116146
Weights: 3923.000000 12401.000000 12618.000000
Center Node: 79

District 4
Nodes: 6 8 11 33 64 111 121 134 136 137 146 157 167 185 199
Compactness: 677.110036
Weights: 3883.000000 12692.000000 12624.000000
Center Node: 6

District 5
Nodes: 13 18 22 32 37 38 73 90 100 105 118 132 140 168 191
Compactness: 807.718535
Weights: 3901.000000 12725.000000 12708.000000
Center Node: 118

District 6
Nodes: 19 24 30 34 41 45 75 77 85 89 106 127 139 152 154 165
Compactness: 1089.482273
Weights: 4056.000000 13332.000000 13328.000000
Center Node: 75

District 7
Nodes: 28 35 39 40 42 43 51 80 83 87 93 108 125 126 198
Compactness: 757.169671
Weights: 3796.000000 12464.000000 12610.000000
Center Node: 80

District 8
Nodes: 1 15 50 63 82 86 96 101 110 129 148 155 166 172 175 184
Compactness: 778.452367
Weights: 4021.000000 13194.000000 13042.000000
Center Node: 82

District 9
Nodes: 10 67 84 104 115 120 122 130 135 170 173 187 188 193 196
Compactness: 695.731384
Weights: 3783.000000 12402.000000 12313.000000
Center Node: 187

District 10
Nodes: 3 14 20 25 44 46 49 61 123 163 164 179 181 189 192 194
Compactness: 901.415870
Weights: 4043.000000 13427.000000 13347.000000
Center Node: 163

District 11
Nodes: 5 9 12 59 62 68 71 76 95 117 149 156 161 169 174
Compactness: 660.377271
Weights: 3880.000000 12588.000000 12337.000000
Center Node: 5

District 12
Nodes: 0 4 16 47 52 98 103 107 116 124 128 133 178 180 182 183
Compactness: 934.024130
Weights: 4086.000000 13360.000000 13289.000000
Center Node: 124

District 13
Nodes: 7 55 57 58 60 66 78 81 112 142 153 160 171 177 195
Compactness: 728.697030
Weights: 3818.000000 12496.000000 12645.000000
Center Node: 57
