BalanceViolation 0.000000
AffinityLoss 0.000000
Compactness 10706.883551
District 1
Nodes: 4 5 21 45 47 57 89 93 97 101 107 118 130 164 175
Compactness: 730.744488
Weights: 3834.000000 12772.000000 12420.000000
Center Node: 45

District 2
Nodes: 9 20 68 76 81 87 100 115 117 125 129 154 156 161 169 192
Compactness: 633.022854
Weights: 4137.000000 13334.000000 13380.000000
Center Node: 115

District 3
Nodes: 7 13 22 34 40 60 79 84 95 98 114 132 145 146 185
Compactness: 769.542191
Weights: 3827.000000 12487.000000 12473.000000
Center Node: 145

District 4
Nodes: 0 18 31 72 74 88 108 110 127 136 153 155 166 176 180 198
Compactness: 732.442112
Weights: 3997.000000 12680.000000 13060.000000
Center Node: 155

District 5
Nodes: 33 37 46 59 99 104 106 109 120 139 157 163 187 191 195
Compactness: 650.454477
Weights: 3862.000000 12156.000000 12648.000000
Center Node: 195

District 6
Nodes: 10 29 53 61 90 96 112 123 133 149 165 177 186 188 194
Compactness: 745.050416
Weights: 3854.000000 12249.000000 12652.000000
Center Node: 123

District 7
Nodes: 6 14 36 38 41 42 44 49 55 73 103 113 116 147 196
Compactness: 1010.461360
Weights: 3861.000000 12693.000000 12319.000000
Center Node: 103

District 8
Nodes: 25 30 63 64 71 85 121 124 126 128 148 152 160 167 173 178
Compactness: 903.945160
Weights: 4138.000000 13224.000000 13235.000000
Center Node: 128

District 9
Nodes: 16 32 39 58 75 78 102 143 158 174 179 182 183 189 193
Compactness: 1201.464569
Weights: 3825.000000 12589.000000 12595.000000
Center Node: 39

District 10
Nodes: 1 12 23 24 86 91 105 111 122 141 151 170 171 181 184
Compactness: 655.087319
Weights: 3850.000000 12548.000000 12394.000000
Center Node: 184

District 11
Nodes: 8 15 27 35 43 62 66 69 77 131 134 137 150 197 199
Compactness: 574.680153
Weights: 3921.000000 12305.000000 12510.000000
Center Node: 137

District 12
Nodes: 2 3 11 17 19 26 50 51 52 54 67 70 92 140 144 172
Compactness: 1002.036418
Weights: 4053.000000 12960.000000 13221.000000
Center Node: 11

District 13
Nodes: 28 48 56 65 80 82 83 94 119 135 138 142 159 162 168 190
Compactness: 1097.952033
Weights: 4113.000000 13310.000000 12964.000000
Center Node: 190
