BalanceViolation 0.000000
AffinityLoss 0.000000
Compactness 10359.750207
District 1
Nodes: 8 21 44 53 54 64 94 120 126 133 162 167 177 183 185
Compactness: 721.977740
Weights: 3845.000000 12697.000000 12843.000000
Center Node: 177

District 2
Nodes: 13 23 27 34 37 45 52 56 68 70 75 78 84 113 191
Compactness: 789.584097
Weights: 3769.000000 12245.000000 12365.000000
Center Node: 84

District 3
Nodes: 3 33 109 150 153 156 157 160 161 168 169 174 182 196 198
Compactness: 926.983167
Weights: 3874.000000 12447.000000 12708.000000
Center Node: 196

District 4
Nodes: 20 25 49 69 91 93 95 96 104 112 121 180 186 193 195 199
Compactness: 748.696146
Weights: 4065.000000 13276.000000 13333.000000
Center Node: 186

District 5
Nodes: 0 1 9 19 22 35 42 58 86 101 107 119 154 173 181 197
Compactness: 669.769659
Weights: 4046.000000 13303.000000 13078.000000
Center Node: 58

District 6
Nodes: 5 6 14 18 40 41 57 65 89 99 100 102 127 128 163 189
Compactness: 703.208535
Weights: 4058.000000 13091.000000 13131.000000
Center Node: 128

District 7
Nodes: 74 77 85 88 92 106 110 118 124 125 137 138 145 179 190
Compactness: 854.876658
Weights: 3817.000000 12517.000000 12633.000000
Center Node: 106

District 8
Nodes: 16 17 48 60 61 81 82 90 103 105 116 134 141 171 175
Compactness: 810.420598
Weights: 3880.000000 12727.000000 12465.000000
Center Node: 17

District 9
Nodes: 12 62 67 72 73 80 87 108 122 123 142 152 165 170 172
Compactness: 736.370048
Weights: 3795.000000 12255.000000 12230.000000
Center Node: 172

District 10
Nodes: 10 26 28 36 38 39 43 46 47 117 130 132 136 147 184 192
Compactness: 766.924466
Weights: 4011.000000 13049.000000 12894.000000
Center Node: 184

District 11
Nodes: 30 66 71 76 79 115 129 131 140 143 144 148 158 164 166 188
Compactness: 831.651636
Weights: 4026.000000 13395.000000 13279.000000
Center Node: 166

District 12
Nodes: 2 11 15 24 32 50 51 55 63 83 111 135 151 155 178
Compactness: 1002.009191
Weights: 3950.000000 12423.000000 12819.000000
Center Node: 15

District 13
Nodes: 4 7 29 31 59 97 98 114 139 146 149 159 176 187 194
Compactness: 797.278266
Weights: 3760.000000 12468.000000 12440.000000
Center Node: 194
