BalanceViolation 0.000000
AffinityLoss 0.000000
Compactness 10633.615678
District 1
Nodes: 22 33 51 71 96 98 102 105 106 138 146 157 163 173 175 190
Compactness: 762.923326
Weights: 4006.000000 12894.000000 12965.000000
Center Node: 157

District 2
Nodes: 59 64 87 88 89 91 126 130 137 140 150 158 169 174 187
Compactness: 915.003008
Weights: 3773.000000 12421.000000 12624.000000
Center Node: 137

District 3
Nodes: 0 6 12 49 52 63 72 100 123 149 151 159 170 185 194
Compactness: 943.465705
Weights: 3917.000000 12876.000000 12523.000000
Center Node: 52

District 4
Nodes: 3 9 14 25 40 43 54 58 76 110 119 127 154 168 171
Compactness: 655.601909
Weights: 3878.000000 12438.000000 12434.000000
Center Node: 110

District 5
Nodes: 24 26 56 81 85 103 108 115 116 135 141 166 182 184 197
Compactness: 727.044607
Weights: 3839.000000 12568.000000 12445.000000
Center Node: 103

District 6
Nodes: 15 20 41 44 62 67 92 101 107 121 156 165 186 188 199
Compactness: 973.585236
Weights: 3826.000000 12538.000000 12612.000000
Center Node: 62

District 7
Nodes: 10 13 28 31 38 74 75 78 84 90 125 134 142 167 177 178
Compactness: 837.308956
Weights: 4098.000000 13100.000000 13272.000000
Center Node: 78

District 8
Nodes: 1 7 8 32 36 66 77 79 114 117 136 147 148 155 160 172
Compactness: 924.851153
Weights: 4014.000000 13134.000000 13097.000000
Center Node: 7

District 9
Nodes: 2 42 46 47 50 61 65 69 70 93 118 122 124 153 164 176
Compactness: 903.490357
Weights: 4051.000000 13079.000000 13004.000000
Center Node: 50

District 10
Nodes: 5 11 27 83 86 104 112 120 131 162 179 181 192 193 196
Compactness: 570.839083
Weights: 3794.000000 12469.000000 12648.000000
Center Node: 192

District 11
Nodes: 16 17 30 35 48 57 60 95 99 109 129 133 143 144 161 189
Compactness: 776.453878
Weights: 3961.000000 12868.000000 13092.000000
Center Node: 144

District 12
Nodes: 19 23 34 37 45 53 73 80 97 111 128 132 139 145 152
Compactness: 816.994895
Weights: 3792.000000 12515.000000 12423.000000
Center Node: 111

District 13
Nodes: 4 18 21 29 39 55 68 82 94 113 180 183 191 195 198
Compactness: 826.053565
Weights: 3891.000000 12821.000000 12691.000000
Center Node: 94
