BalanceViolation 0.000000
AffinityLoss 0.000000
Compactness 9963.292324
District 1
Nodes: 20 21 22 27 34 43 47 131 135 139 147 150 153 182 190
Compactness: 900.674422
Weights: 3743.000000 12149.000000 12347.000000
Center Node: 21

District 2
Nodes: 0 11 15 33 36 41 61 72 102 104 116 158 187 194 198
Compactness: 575.024136
Weights: 3828.000000 12676.000000 12661.000000
Center Node: 33

District 3
Nodes: 14 37 59 67 84 105 107 110 118 123 126 132 134 167 175 193
Compactness: 787.702825
Weights: 4028.000000 13030.000000 12807.000000
Center Node: 193

District 4
Nodes: 3 10 12 23 31 48 51 103 106 125 138 146 179 181 191
Compactness: 743.067193
Weights: 3941.000000 12735.000000 12460.000000
Center Node: 125

District 5
Nodes: 16 18 28 30 63 69 71 85 93 109 133 163 165 173 195
Compactness: 928.481887
Weights: 3778.000000 12508.000000 12736.000000
Center Node: 16

District 6
Nodes: 5 7 24 39 55 64 65 66 81 82 96 148 154 197 199
Compactness: 631.577170
Weights: 3844.000000 12576.000000 12635.000000
Center Node: 5

District 7
Nodes: 17 29 52 57 68 74 83 88 94 99 114 129 141 162 184 196
Compactness: 710.382900
Weights: 4065.000000 13291.000000 13309.000000
Center Node: 141

District 8
Nodes: 25 32 46 50 95 97 112 122 124 156 159 164 168 176 178 180
Compactness: 788.630780
Weights: 3985.000000 13183.000000 13022.000000
Center Node: 46

District 9
Nodes: 2 54 73 77 78 89 113 119 120 127 128 142 149 161 177 186
Compactness: 709.098515
Weights: 4064.000000 13373.000000 13421.000000
Center Node: 120

District 10
Nodes: 1 4 8 19 35 44 45 58 76 87 92 98 111 171 188
Compactness: 976.846585
Weights: 3836.000000 12575.000000 12693.000000
Center Node: 98

District 11
Nodes: 9 26 53 56 60 75 86 117 137 151 152 166 172 185 192
Compactness: 823.812636
Weights: 3820.000000 12289.000000 12591.000000
Center Node: 117

District 12
Nodes: 6 38 40 49 90 91 100 108 121 144 145 157 160 170 183 189
Compactness: 730.440829
Weights: 3964.000000 12794.000000 13114.000000
Center Node: 108

District 13
Nodes: 13 42 62 70 79 80 101 115 130 136 140 143 155 169 174
Compactness: 657.552446
Weights: 3817.000000 12610.000000 12589.000000
Center Node: 13
