BalanceViolation 0.000000
AffinityLoss 0.000000
Compactness 9989.640574
District 1
Nodes: 1 4 58 65 91 96 105 110 139 151 156 162 176 177 180 193
Compactness: 671.451886
Weights: 4107.000000 13105.000000 13164.000000
Center Node: 4

District 2
Nodes: 33 37 46 61 66 68 75 76 77 89 142 148 152 173 182
Compactness: 867.712656
Weights: 3755.000000 12761.000000 12337.000000
Center Node: 61

District 3
Nodes: 7 8 12 30 35 36 38 67 71 88 95 126 131 137 183
Compactness: 836.916795
Weights: 3781.000000 12488.000000 12471.000000
Center Node: 131

District 4
Nodes: 13 24 31 52 59 60 85 97 107 114 121 132 163 164 199
Compactness: 648.420526
Weights: 3745.000000 12495.000000 12404.000000
Center Node: 199

District 5
Nodes: 9 23 63 82 113 120 122 125 140 144 146 149 150 154 178 195
Compactness: 863.915010
Weights: 4113.000000 13279.000000 13044.000000
Center Node: 150

District 6
Nodes: 2 15 18 50 51 56 70 72 80 93 117 134 153 170 189
Compactness: 1030.870268
Weights: 3787.000000 12649.000000 12451.000000
Center Node: 80

District 7
Nodes: 0 16 39 41 54 79 104 129 135 155 175 190 192 196 198
Compactness: 655.917065
Weights: 3811.000000 12515.000000 12429.000000
Center Node: 196

District 8
Nodes: 14 20 26 28 44 49 57 99 101 123 133 141 145 185 191 194
Compactness: 685.670426
Weights: 4116.000000 13032.000000 13264.000000
Center Node: 185

District 9
Nodes: 19 25 29 32 34 64 73 78 81 84 86 92 143 157 168 169
Compactness: 939.521647
Weights: 4074.000000 13173.000000 13109.000000
Center Node: 168

District 10
Nodes: 11 17 22 55 103 106 109 112 118 128 138 158 159 165 188
Compactness: 681.877108
Weights: 3789.000000 12449.000000 12325.000000
Center Node: 112

District 11
Nodes: 6 21 40 62 69 90 100 108 115 116 119 124 136 147 174
Compactness: 736.825896
Weights: 3994.000000 12614.000000 13087.000000
Center Node: 62

District 12
Nodes: 45 48 53 74 83 87 98 127 161 166 167 171 172 181 186 197
Compactness: 671.990685
Weights: 4090.000000 13272.000000 12971.000000
Center Node: 186

District 13
Nodes: 3 5 10 27 42 43 47 94 102 111 130 160 179 184 187
Compactness: 698.550605
Weights: 3872.000000 12604.000000 12613.000000
Center Node: 5
