BalanceViolation 0.000000
AffinityLoss 0.000000
Compactness 10530.507914
District 1
Nodes: 21 44 54 67 70 74 95 104 116 117 133 155 160 165 167 170
Compactness: 961.127061
Weights: 4055.000000 13249.000000 12963.000000
Center Node: 116

District 2
Nodes: 8 23 31 33 42 87 92 94 102 122 131 157 172 174 196
Compactness: 747.188999
Weights: 3828.000000 12536.000000 12246.000000
Center Node: 131

District 3
Nodes: 9 14 24 26 34 43 52 83 91 115 135 142 146 168 175 184
Compactness: 747.540716
Weights: 4046.000000 13229.000000 13050.000000
Center Node: 115

District 4
Nodes: 45 61 68 71 78 106 127 134 137 139 140 166 169 190 194
Compactness: 618.558785
Weights: 3886.000000 12332.000000 12493.000000
Center Node: 127

District 5
Nodes: 6 19 35 48 64 93 98 107 112 126 136 138 156 158 192
Compactness: 690.186522
Weights: 3838.000000 12347.000000 12633.000000
Center Node: 64

District 6
Nodes: 1 7 11 28 62 80 90 96 99 100 143 144 147 150 179 197
Compactness: 907.636305
Weights: 4115.000000 12988.000000 13364.000000
Center Node: 62

District 7
Nodes: 3 20 22 49 53 75 97 103 113 121 124 130 132 153 178 182
Compactness: 785.451596
Weights: 4099.000000 13064.000000 13050.000000
Center Node: 153

District 8
Nodes: 0 4 10 25 36 40 63 77 110 118 151 163 176 180 189
Compactness: 841.713963
Weights: 3784.000000 12098.000000 12274.000000
Center Node: 0

District 9
Nodes: 30 39 76 84 88 101 119 120 125 129 145 173 183 187 191
Compactness: 761.435696
Weights: 3796.000000 12407.000000 12569.000000
Center Node: 183

District 10
Nodes: 5 15 16 47 55 57 66 72 105 108 159 185 186 193 199
Compactness: 1178.120162
Weights: 3899.000000 12635.000000 12618.000000
Center Node: 185

District 11
Nodes: 17 18 29 58 60 65 85 89 109 111 149 152 177 181 198
Compactness: 904.717333
Weights: 3819.000000 12586.000000 12560.000000
Center Node: 198

District 12
Nodes: 2 12 37 38 41 56 73 79 81 114 128 161 164 171 188 195
Compactness: 817.034886
Weights: 4059.000000 13265.000000 13120.000000
Center Node: 41

District 13
Nodes: 13 27 32 46 50 51 59 69 82 86 123 141 148 154 162
Compactness: 569.795892
Weights: 3868.000000 12440.000000 12657.000000
Center Node: 59
