BalanceViolation 0.000000
AffinityLoss 0.000000
Compactness 10061.430537
District 1
Nodes: 31 63 73 80 87 89 94 100 102 111 115 126 138 148 154 159
Compactness: 827.175380
Weights: 3945.000000 12834.000000 13074.000000
Center Node: 87

District 2
Nodes: 23 38 48 54 71 82 103 128 132 135 151 153 155 169 177
Compactness: 853.083418
Weights: 3721.000000 12119.000000 12315.000000
Center Node: 48

District 3
Nodes: 10 13 15 27 35 47 57 77 78 91 108 123 129 162 166
Compactness: 830.439808
Weights: 3805.000000 12446.000000 12870.000000
Center Node: 35

District 4
Nodes: 33 46 53 61 74 81 120 125 127 130 133 137 145 184 195
Compactness: 813.033743
Weights: 3877.000000 12606.000000 12384.000000
Center Node: 127

District 5
Nodes: 5 16 18 41 56 97 107 118 139 140 152 168 180 182 196
Compactness: 743.737428
Weights: 3956.000000 12380.000000 12425.000000
Center Node: 139

District 6
Nodes: 7 34 40 49 52 68 75 101 110 122 141 146 161 170 172 174
Compactness: 632.201444
Weights: 4061.000000 13028.000000 13151.000000
Center Node: 161

District 7
Nodes: 14 20 25 42 44 55 70 92 95 106 109 114 163 175 190
Compactness: 670.394847
Weights: 3898.000000 12762.000000 12627.000000
Center Node: 42

District 8
Nodes: 1 4 12 19 24 36 66 105 113 142 157 164 165 167 181 199
Compactness: 617.624329
Weights: 4038.000000 12888.000000 13259.000000
Center Node: 4

District 9
Nodes: 0 2 43 51 62 64 67 85 93 124 131 156 183 193 197
Compactness: 737.875570
Weights: 3796.000000 12623.000000 12173.000000
Center Node: 51

District 10
Nodes: 9 22 39 45 69 79 88 99 112 116 117 134 149 173 187
Compactness: 765.528498
Weights: 3856.000000 12560.000000 12244.000000
Center Node: 79

District 11
Nodes: 3 6 17 60 98 104 119 136 143 144 147 185 186 188 191 198
Compactness: 901.863961
Weights: 3955.000000 13069.000000 12981.000000
Center Node: 104

District 12
Nodes: 8 26 30 37 50 58 65 84 96 150 158 171 176 179 189 192
Compactness: 888.257069
Weights: 4010.000000 12933.000000 13274.000000
Center Node: 189

District 13
Nodes: 11 21 28 29 32 59 72 76 83 86 90 121 160 178 194
Compactness: 780.215042
Weights: 3766.000000 12448.000000 12501.000000
Center Node: 72
