BalanceViolation 0.000000
AffinityLoss 0.000000
Compactness 10272.842351
District 1
Nodes: 11 33 53 74 91 99 115 123 126 148 163 170 186 187 194
Compactness: 735.758047
Weights: 3784.000000 12655.000000 12487.000000
Center Node: 99

District 2
Nodes: 2 3 6 24 26 34 37 45 88 102 107 136 139 144 173 175
Compactness: 755.276240
Weights: 4078.000000 13219.000000 13241.000000
Center Node: 107

District 3
Nodes: 14 25 43 47 79 96 103 104 105 111 121 128 132 147 154 177
Compactness: 1007.935378
Weights: 4023.000000 12953.000000 13030.000000
Center Node: 79

District 4
Nodes: 1 10 16 21 31 39 82 85 93 97 98 156 169 188 189
Compactness: 777.643316
Weights: 3822.000000 12707.000000 12333.000000
Center Node: 39

District 5
Nodes: 5 23 51 68 71 118 151 153 161 171 178 180 182 195 197 199
Compactness: 884.848092
Weights: 3979.000000 13109.000000 13077.000000
Center Node: 71

District 6
Nodes: 8 38 49 54 72 78 110 114 117 131 145 164 181 183 193
Compactness: 756.845945
Weights: 3838.000000 12896.000000 12915.000000
Center Node: 117

District 7
Nodes: 7 13 22 40 61 62 66 80 86 92 101 122 124 133 166 176
Compactness: 811.484441
Weights: 4043.000000 12861.000000 13174.000000
Center Node: 86

District 8
Nodes: 0 15 36 42 46 50 84 89 125 127 137 168 174 179 192
Compactness: 748.216610
Weights: 3772.000000 12317.000000 12184.000000
Center Node: 46

District 9
Nodes: 17 29 32 48 56 73 75 83 95 120 135 138 146 165 185
Compactness: 705.433146
Weights: 3834.000000 12438.000000 12726.000000
Center Node: 17

District 10
Nodes: 28 52 65 69 77 87 94 109 116 130 143 150 157 160 198
Compactness: 830.766483
Weights: 3825.000000 12387.000000 12309.000000
Center Node: 94

District 11
Nodes: 9 20 59 64 67 76 81 100 119 142 152 159 162 172 196
Compactness: 713.248782
Weights: 3768.000000 12412.000000 12065.000000
Center Node: 172

District 12
Nodes: 4 12 19 27 30 44 57 60 106 108 112 141 155 158 184 190
Compactness: 770.777968
Weights: 3959.000000 13179.000000 12699.000000
Center Node: 27

District 13
Nodes: 18 35 41 55 58 63 70 90 113 129 134 140 149 167 191
Compactness: 774.607903
Weights: 3952.000000 12668.000000 12467.000000
Center Node: 41
